DEBUG[tid:84589][src/rdma/verbs.c:583]: POST --> WAIT (SEND WR #5839) [send_fd:4 wait_fd:3 wait_idx:1]
updating scur_post 5838 by 1 (original size 2)
DEBUG[tid:84589][src/rdma/verbs.c:766]: POST --> SEND_ENABLE(WR#5840) [master = 4] [worker = 4] [idx = 5846]
updating scur_post 5839 by 1 (original size 2)
DEBUG[tid:84589][src/rdma/verbs.c:1463]: Find ctrl seg for wr_id: 5840
found wr_id. [seg 5839] idx #5839 opcode 23 [UNDEFINED]
remote start: 139876018696192 end: 139876286961648
DEBUG[tid:84589][src/rdma/verbs.c:128]: POST --> RDMA_READ (opcode 4) (SEND WR 5841) [local addr 7f376c683000 remote addr 7f376c683000]
updating scur_post 5840 by 1 (original size 4)
DEBUG[tid:84589][src/rdma/verbs.c:228]: POST --> CAS (SEND WR 5842) [local addr 7f375c6ab000 remote addr 7f375c6ab000 swap 1]
updating scur_post 5841 by 1 (original size 4)
DEBUG[tid:84589][src/rdma/verbs.c:583]: POST --> WAIT (SEND WR #5843) [send_fd:4 wait_fd:4 wait_idx:1]
updating scur_post 5842 by 1 (original size 2)
DEBUG[tid:84589][src/rdma/verbs.c:766]: POST --> SEND_ENABLE(WR#5844) [master = 4] [worker = 3] [idx = 974]
updating scur_post 5843 by 1 (original size 2)
DEBUG[tid:84589][src/rdma/verbs.c:1463]: Find ctrl seg for wr_id: 5844
found wr_id. [seg 5843] idx #5843 opcode 23 [UNDEFINED]
DEBUG[tid:84589][src/rdma/verbs.c:1006]: POST --> RDMA_WRITE_IMM (SEND WR 974) [send_fd: 3 batch_size: 1]
updating scur_post 973 by 1 (original size 3)
DEBUG[tid:84589][src/rdma/verbs.c:1463]: Find ctrl seg for wr_id: 5841
found wr_id. [seg 5840] idx #5840 opcode 16 [UNDEFINED]
DEBUG[tid:84589][src/rdma/verbs.c:1463]: Find ctrl seg for wr_id: 5842
found wr_id. [seg 5841] idx #5841 opcode 17 [UNDEFINED]
DEBUG[tid:84589][src/rdma/verbs.c:1463]: Find ctrl seg for wr_id: 974
found wr_id. [seg 973] idx #973 opcode 9 [UNDEFINED]
DEBUG[tid:84589][src/rdma/verbs.c:1112]: POST --> RECV (WR #99) [send_fd: 3, qp_num 5365]
DEBUG[tid:84589][src/rdma/verbs.c:1115]: ----------- sge0 [addr 7f3758cfe469, length 3]
DEBUG[tid:84589][src/rdma/verbs.c:1115]: ----------- sge1 [addr 7f3758cfe410, length 8]
iter lat: 108 usec
DEBUG[tid:84589][src/rdma/verbs.c:583]: POST --> WAIT (SEND WR #5845) [send_fd:4 wait_fd:3 wait_idx:1]
updating scur_post 5844 by 1 (original size 2)
DEBUG[tid:84589][src/rdma/verbs.c:766]: POST --> SEND_ENABLE(WR#5846) [master = 4] [worker = 4] [idx = 5852]
updating scur_post 5845 by 1 (original size 2)
DEBUG[tid:84589][src/rdma/verbs.c:1463]: Find ctrl seg for wr_id: 5846
found wr_id. [seg 5845] idx #5845 opcode 23 [UNDEFINED]
remote start: 139876018696192 end: 139876286961648
DEBUG[tid:84589][src/rdma/verbs.c:128]: POST --> RDMA_READ (opcode 4) (SEND WR 5847) [local addr 7f376c683000 remote addr 7f376c683000]
updating scur_post 5846 by 1 (original size 4)
DEBUG[tid:84589][src/rdma/verbs.c:228]: POST --> CAS (SEND WR 5848) [local addr 7f375c6ab000 remote addr 7f375c6ab000 swap 1]
updating scur_post 5847 by 1 (original size 4)
DEBUG[tid:84589][src/rdma/verbs.c:583]: POST --> WAIT (SEND WR #5849) [send_fd:4 wait_fd:4 wait_idx:1]
updating scur_post 5848 by 1 (original size 2)
DEBUG[tid:84589][src/rdma/verbs.c:766]: POST --> SEND_ENABLE(WR#5850) [master = 4] [worker = 3] [idx = 975]
updating scur_post 5849 by 1 (original size 2)
DEBUG[tid:84589][src/rdma/verbs.c:1463]: Find ctrl seg for wr_id: 5850
found wr_id. [seg 5849] idx #5849 opcode 23 [UNDEFINED]
DEBUG[tid:84589][src/rdma/verbs.c:1006]: POST --> RDMA_WRITE_IMM (SEND WR 975) [send_fd: 3 batch_size: 1]
updating scur_post 974 by 1 (original size 3)
DEBUG[tid:84589][src/rdma/verbs.c:1463]: Find ctrl seg for wr_id: 5847
found wr_id. [seg 5846] idx #5846 opcode 16 [UNDEFINED]
DEBUG[tid:84589][src/rdma/verbs.c:1463]: Find ctrl seg for wr_id: 5848
found wr_id. [seg 5847] idx #5847 opcode 17 [UNDEFINED]
DEBUG[tid:84589][src/rdma/verbs.c:1463]: Find ctrl seg for wr_id: 975
found wr_id. [seg 974] idx #974 opcode 9 [UNDEFINED]
DEBUG[tid:84589][src/rdma/verbs.c:1112]: POST --> RECV (WR #99) [send_fd: 3, qp_num 5365]
DEBUG[tid:84589][src/rdma/verbs.c:1115]: ----------- sge0 [addr 7f3758cfe5e9, length 3]
DEBUG[tid:84589][src/rdma/verbs.c:1115]: ----------- sge1 [addr 7f3758cfe590, length 8]
iter lat: 114 usec
DEBUG[tid:84589][src/rdma/verbs.c:583]: POST --> WAIT (SEND WR #5851) [send_fd:4 wait_fd:3 wait_idx:1]
updating scur_post 5850 by 1 (original size 2)
DEBUG[tid:84589][src/rdma/verbs.c:766]: POST --> SEND_ENABLE(WR#5852) [master = 4] [worker = 4] [idx = 5858]
updating scur_post 5851 by 1 (original size 2)
DEBUG[tid:84589][src/rdma/verbs.c:1463]: Find ctrl seg for wr_id: 5852
found wr_id. [seg 5851] idx #5851 opcode 23 [UNDEFINED]
remote start: 139876018696192 end: 139876286961648
DEBUG[tid:84589][src/rdma/verbs.c:128]: POST --> RDMA_READ (opcode 4) (SEND WR 5853) [local addr 7f376c683000 remote addr 7f376c683000]
updating scur_post 5852 by 1 (original size 4)
DEBUG[tid:84589][src/rdma/verbs.c:228]: POST --> CAS (SEND WR 5854) [local addr 7f375c6ab000 remote addr 7f375c6ab000 swap 1]
updating scur_post 5853 by 1 (original size 4)
DEBUG[tid:84589][src/rdma/verbs.c:583]: POST --> WAIT (SEND WR #5855) [send_fd:4 wait_fd:4 wait_idx:1]
updating scur_post 5854 by 1 (original size 2)
DEBUG[tid:84589][src/rdma/verbs.c:766]: POST --> SEND_ENABLE(WR#5856) [master = 4] [worker = 3] [idx = 976]
updating scur_post 5855 by 1 (original size 2)
DEBUG[tid:84589][src/rdma/verbs.c:1463]: Find ctrl seg for wr_id: 5856
found wr_id. [seg 5855] idx #5855 opcode 23 [UNDEFINED]
DEBUG[tid:84589][src/rdma/verbs.c:1006]: POST --> RDMA_WRITE_IMM (SEND WR 976) [send_fd: 3 batch_size: 1]
updating scur_post 975 by 1 (original size 3)
DEBUG[tid:84589][src/rdma/verbs.c:1463]: Find ctrl seg for wr_id: 5853
found wr_id. [seg 5852] idx #5852 opcode 16 [UNDEFINED]
DEBUG[tid:84589][src/rdma/verbs.c:1463]: Find ctrl seg for wr_id: 5854
found wr_id. [seg 5853] idx #5853 opcode 17 [UNDEFINED]
DEBUG[tid:84589][src/rdma/verbs.c:1463]: Find ctrl seg for wr_id: 976
found wr_id. [seg 975] idx #975 opcode 9 [UNDEFINED]
DEBUG[tid:84589][src/rdma/verbs.c:1112]: POST --> RECV (WR #99) [send_fd: 3, qp_num 5365]
DEBUG[tid:84589][src/rdma/verbs.c:1115]: ----------- sge0 [addr 7f3758cfe769, length 3]
DEBUG[tid:84589][src/rdma/verbs.c:1115]: ----------- sge1 [addr 7f3758cfe710, length 8]
iter lat: 108 usec
DEBUG[tid:84589][src/rdma/verbs.c:583]: POST --> WAIT (SEND WR #5857) [send_fd:4 wait_fd:3 wait_idx:1]
updating scur_post 5856 by 1 (original size 2)
DEBUG[tid:84589][src/rdma/verbs.c:766]: POST --> SEND_ENABLE(WR#5858) [master = 4] [worker = 4] [idx = 5864]
updating scur_post 5857 by 1 (original size 2)
DEBUG[tid:84589][src/rdma/verbs.c:1463]: Find ctrl seg for wr_id: 5858
found wr_id. [seg 5857] idx #5857 opcode 23 [UNDEFINED]
remote start: 139876018696192 end: 139876286961648
DEBUG[tid:84589][src/rdma/verbs.c:128]: POST --> RDMA_READ (opcode 4) (SEND WR 5859) [local addr 7f376c683000 remote addr 7f376c683000]
updating scur_post 5858 by 1 (original size 4)
DEBUG[tid:84589][src/rdma/verbs.c:228]: POST --> CAS (SEND WR 5860) [local addr 7f375c6ab000 remote addr 7f375c6ab000 swap 1]
updating scur_post 5859 by 1 (original size 4)
DEBUG[tid:84589][src/rdma/verbs.c:583]: POST --> WAIT (SEND WR #5861) [send_fd:4 wait_fd:4 wait_idx:1]
updating scur_post 5860 by 1 (original size 2)
DEBUG[tid:84589][src/rdma/verbs.c:766]: POST --> SEND_ENABLE(WR#5862) [master = 4] [worker = 3] [idx = 977]
updating scur_post 5861 by 1 (original size 2)
DEBUG[tid:84589][src/rdma/verbs.c:1463]: Find ctrl seg for wr_id: 5862
found wr_id. [seg 5861] idx #5861 opcode 23 [UNDEFINED]
DEBUG[tid:84589][src/rdma/verbs.c:1006]: POST --> RDMA_WRITE_IMM (SEND WR 977) [send_fd: 3 batch_size: 1]
updating scur_post 976 by 1 (original size 3)
DEBUG[tid:84589][src/rdma/verbs.c:1463]: Find ctrl seg for wr_id: 5859
found wr_id. [seg 5858] idx #5858 opcode 16 [UNDEFINED]
DEBUG[tid:84589][src/rdma/verbs.c:1463]: Find ctrl seg for wr_id: 5860
found wr_id. [seg 5859] idx #5859 opcode 17 [UNDEFINED]
DEBUG[tid:84589][src/rdma/verbs.c:1463]: Find ctrl seg for wr_id: 977
found wr_id. [seg 976] idx #976 opcode 9 [UNDEFINED]
DEBUG[tid:84589][src/rdma/verbs.c:1112]: POST --> RECV (WR #99) [send_fd: 3, qp_num 5365]
DEBUG[tid:84589][src/rdma/verbs.c:1115]: ----------- sge0 [addr 7f3758cfe8e9, length 3]
DEBUG[tid:84589][src/rdma/verbs.c:1115]: ----------- sge1 [addr 7f3758cfe890, length 8]
iter lat: 112 usec
DEBUG[tid:84589][src/rdma/verbs.c:583]: POST --> WAIT (SEND WR #5863) [send_fd:4 wait_fd:3 wait_idx:1]
updating scur_post 5862 by 1 (original size 2)
DEBUG[tid:84589][src/rdma/verbs.c:766]: POST --> SEND_ENABLE(WR#5864) [master = 4] [worker = 4] [idx = 5870]
updating scur_post 5863 by 1 (original size 2)
DEBUG[tid:84589][src/rdma/verbs.c:1463]: Find ctrl seg for wr_id: 5864
found wr_id. [seg 5863] idx #5863 opcode 23 [UNDEFINED]
remote start: 139876018696192 end: 139876286961648
DEBUG[tid:84589][src/rdma/verbs.c:128]: POST --> RDMA_READ (opcode 4) (SEND WR 5865) [local addr 7f376c683000 remote addr 7f376c683000]
updating scur_post 5864 by 1 (original size 4)
DEBUG[tid:84589][src/rdma/verbs.c:228]: POST --> CAS (SEND WR 5866) [local addr 7f375c6ab000 remote addr 7f375c6ab000 swap 1]
updating scur_post 5865 by 1 (original size 4)
DEBUG[tid:84589][src/rdma/verbs.c:583]: POST --> WAIT (SEND WR #5867) [send_fd:4 wait_fd:4 wait_idx:1]
updating scur_post 5866 by 1 (original size 2)
DEBUG[tid:84589][src/rdma/verbs.c:766]: POST --> SEND_ENABLE(WR#5868) [master = 4] [worker = 3] [idx = 978]
updating scur_post 5867 by 1 (original size 2)
DEBUG[tid:84589][src/rdma/verbs.c:1463]: Find ctrl seg for wr_id: 5868
found wr_id. [seg 5867] idx #5867 opcode 23 [UNDEFINED]
DEBUG[tid:84589][src/rdma/verbs.c:1006]: POST --> RDMA_WRITE_IMM (SEND WR 978) [send_fd: 3 batch_size: 1]
updating scur_post 977 by 1 (original size 3)
DEBUG[tid:84589][src/rdma/verbs.c:1463]: Find ctrl seg for wr_id: 5865
found wr_id. [seg 5864] idx #5864 opcode 16 [UNDEFINED]
DEBUG[tid:84589][src/rdma/verbs.c:1463]: Find ctrl seg for wr_id: 5866
found wr_id. [seg 5865] idx #5865 opcode 17 [UNDEFINED]
DEBUG[tid:84589][src/rdma/verbs.c:1463]: Find ctrl seg for wr_id: 978
found wr_id. [seg 977] idx #977 opcode 9 [UNDEFINED]
DEBUG[tid:84589][src/rdma/verbs.c:1112]: POST --> RECV (WR #99) [send_fd: 3, qp_num 5365]
DEBUG[tid:84589][src/rdma/verbs.c:1115]: ----------- sge0 [addr 7f3758cfea69, length 3]
DEBUG[tid:84589][src/rdma/verbs.c:1115]: ----------- sge1 [addr 7f3758cfea10, length 8]
iter lat: 109 usec
DEBUG[tid:84589][src/rdma/verbs.c:583]: POST --> WAIT (SEND WR #5869) [send_fd:4 wait_fd:3 wait_idx:1]
updating scur_post 5868 by 1 (original size 2)
DEBUG[tid:84589][src/rdma/verbs.c:766]: POST --> SEND_ENABLE(WR#5870) [master = 4] [worker = 4] [idx = 5876]
updating scur_post 5869 by 1 (original size 2)
DEBUG[tid:84589][src/rdma/verbs.c:1463]: Find ctrl seg for wr_id: 5870
found wr_id. [seg 5869] idx #5869 opcode 23 [UNDEFINED]
remote start: 139876018696192 end: 139876286961648
DEBUG[tid:84589][src/rdma/verbs.c:128]: POST --> RDMA_READ (opcode 4) (SEND WR 5871) [local addr 7f376c683000 remote addr 7f376c683000]
updating scur_post 5870 by 1 (original size 4)
DEBUG[tid:84589][src/rdma/verbs.c:228]: POST --> CAS (SEND WR 5872) [local addr 7f375c6ab000 remote addr 7f375c6ab000 swap 1]
updating scur_post 5871 by 1 (original size 4)
DEBUG[tid:84589][src/rdma/verbs.c:583]: POST --> WAIT (SEND WR #5873) [send_fd:4 wait_fd:4 wait_idx:1]
updating scur_post 5872 by 1 (original size 2)
DEBUG[tid:84589][src/rdma/verbs.c:766]: POST --> SEND_ENABLE(WR#5874) [master = 4] [worker = 3] [idx = 979]
updating scur_post 5873 by 1 (original size 2)
DEBUG[tid:84589][src/rdma/verbs.c:1463]: Find ctrl seg for wr_id: 5874
found wr_id. [seg 5873] idx #5873 opcode 23 [UNDEFINED]
DEBUG[tid:84589][src/rdma/verbs.c:1006]: POST --> RDMA_WRITE_IMM (SEND WR 979) [send_fd: 3 batch_size: 1]
updating scur_post 978 by 1 (original size 3)
DEBUG[tid:84589][src/rdma/verbs.c:1463]: Find ctrl seg for wr_id: 5871
found wr_id. [seg 5870] idx #5870 opcode 16 [UNDEFINED]
DEBUG[tid:84589][src/rdma/verbs.c:1463]: Find ctrl seg for wr_id: 5872
found wr_id. [seg 5871] idx #5871 opcode 17 [UNDEFINED]
DEBUG[tid:84589][src/rdma/verbs.c:1463]: Find ctrl seg for wr_id: 979
found wr_id. [seg 978] idx #978 opcode 9 [UNDEFINED]
DEBUG[tid:84589][src/rdma/verbs.c:1112]: POST --> RECV (WR #99) [send_fd: 3, qp_num 5365]
DEBUG[tid:84589][src/rdma/verbs.c:1115]: ----------- sge0 [addr 7f3758cfebe9, length 3]
DEBUG[tid:84589][src/rdma/verbs.c:1115]: ----------- sge1 [addr 7f3758cfeb90, length 8]
iter lat: 114 usec
DEBUG[tid:84589][src/rdma/verbs.c:583]: POST --> WAIT (SEND WR #5875) [send_fd:4 wait_fd:3 wait_idx:1]
updating scur_post 5874 by 1 (original size 2)
DEBUG[tid:84589][src/rdma/verbs.c:766]: POST --> SEND_ENABLE(WR#5876) [master = 4] [worker = 4] [idx = 5882]
updating scur_post 5875 by 1 (original size 2)
DEBUG[tid:84589][src/rdma/verbs.c:1463]: Find ctrl seg for wr_id: 5876
found wr_id. [seg 5875] idx #5875 opcode 23 [UNDEFINED]
remote start: 139876018696192 end: 139876286961648
DEBUG[tid:84589][src/rdma/verbs.c:128]: POST --> RDMA_READ (opcode 4) (SEND WR 5877) [local addr 7f376c683000 remote addr 7f376c683000]
updating scur_post 5876 by 1 (original size 4)
DEBUG[tid:84589][src/rdma/verbs.c:228]: POST --> CAS (SEND WR 5878) [local addr 7f375c6ab000 remote addr 7f375c6ab000 swap 1]
updating scur_post 5877 by 1 (original size 4)
DEBUG[tid:84589][src/rdma/verbs.c:583]: POST --> WAIT (SEND WR #5879) [send_fd:4 wait_fd:4 wait_idx:1]
updating scur_post 5878 by 1 (original size 2)
DEBUG[tid:84589][src/rdma/verbs.c:766]: POST --> SEND_ENABLE(WR#5880) [master = 4] [worker = 3] [idx = 980]
updating scur_post 5879 by 1 (original size 2)
DEBUG[tid:84589][src/rdma/verbs.c:1463]: Find ctrl seg for wr_id: 5880
found wr_id. [seg 5879] idx #5879 opcode 23 [UNDEFINED]
DEBUG[tid:84589][src/rdma/verbs.c:1006]: POST --> RDMA_WRITE_IMM (SEND WR 980) [send_fd: 3 batch_size: 1]
updating scur_post 979 by 1 (original size 3)
DEBUG[tid:84589][src/rdma/verbs.c:1463]: Find ctrl seg for wr_id: 5877
found wr_id. [seg 5876] idx #5876 opcode 16 [UNDEFINED]
DEBUG[tid:84589][src/rdma/verbs.c:1463]: Find ctrl seg for wr_id: 5878
found wr_id. [seg 5877] idx #5877 opcode 17 [UNDEFINED]
DEBUG[tid:84589][src/rdma/verbs.c:1463]: Find ctrl seg for wr_id: 980
found wr_id. [seg 979] idx #979 opcode 9 [UNDEFINED]
DEBUG[tid:84589][src/rdma/verbs.c:1112]: POST --> RECV (WR #99) [send_fd: 3, qp_num 5365]
DEBUG[tid:84589][src/rdma/verbs.c:1115]: ----------- sge0 [addr 7f3758cfed69, length 3]
DEBUG[tid:84589][src/rdma/verbs.c:1115]: ----------- sge1 [addr 7f3758cfed10, length 8]
iter lat: 115 usec
DEBUG[tid:84589][src/rdma/verbs.c:583]: POST --> WAIT (SEND WR #5881) [send_fd:4 wait_fd:3 wait_idx:1]
updating scur_post 5880 by 1 (original size 2)
DEBUG[tid:84589][src/rdma/verbs.c:766]: POST --> SEND_ENABLE(WR#5882) [master = 4] [worker = 4] [idx = 5888]
updating scur_post 5881 by 1 (original size 2)
DEBUG[tid:84589][src/rdma/verbs.c:1463]: Find ctrl seg for wr_id: 5882
found wr_id. [seg 5881] idx #5881 opcode 23 [UNDEFINED]
remote start: 139876018696192 end: 139876286961648
DEBUG[tid:84589][src/rdma/verbs.c:128]: POST --> RDMA_READ (opcode 4) (SEND WR 5883) [local addr 7f376c683000 remote addr 7f376c683000]
updating scur_post 5882 by 1 (original size 4)
DEBUG[tid:84589][src/rdma/verbs.c:228]: POST --> CAS (SEND WR 5884) [local addr 7f375c6ab000 remote addr 7f375c6ab000 swap 1]
updating scur_post 5883 by 1 (original size 4)
DEBUG[tid:84589][src/rdma/verbs.c:583]: POST --> WAIT (SEND WR #5885) [send_fd:4 wait_fd:4 wait_idx:1]
updating scur_post 5884 by 1 (original size 2)
DEBUG[tid:84589][src/rdma/verbs.c:766]: POST --> SEND_ENABLE(WR#5886) [master = 4] [worker = 3] [idx = 981]
updating scur_post 5885 by 1 (original size 2)
DEBUG[tid:84589][src/rdma/verbs.c:1463]: Find ctrl seg for wr_id: 5886
found wr_id. [seg 5885] idx #5885 opcode 23 [UNDEFINED]
DEBUG[tid:84589][src/rdma/verbs.c:1006]: POST --> RDMA_WRITE_IMM (SEND WR 981) [send_fd: 3 batch_size: 1]
updating scur_post 980 by 1 (original size 3)
DEBUG[tid:84589][src/rdma/verbs.c:1463]: Find ctrl seg for wr_id: 5883
found wr_id. [seg 5882] idx #5882 opcode 16 [UNDEFINED]
DEBUG[tid:84589][src/rdma/verbs.c:1463]: Find ctrl seg for wr_id: 5884
found wr_id. [seg 5883] idx #5883 opcode 17 [UNDEFINED]
DEBUG[tid:84589][src/rdma/verbs.c:1463]: Find ctrl seg for wr_id: 981
found wr_id. [seg 980] idx #980 opcode 9 [UNDEFINED]
DEBUG[tid:84589][src/rdma/verbs.c:1112]: POST --> RECV (WR #99) [send_fd: 3, qp_num 5365]
DEBUG[tid:84589][src/rdma/verbs.c:1115]: ----------- sge0 [addr 7f3758cfeee9, length 3]
DEBUG[tid:84589][src/rdma/verbs.c:1115]: ----------- sge1 [addr 7f3758cfee90, length 8]
iter lat: 115 usec
DEBUG[tid:84589][src/rdma/verbs.c:583]: POST --> WAIT (SEND WR #5887) [send_fd:4 wait_fd:3 wait_idx:1]
updating scur_post 5886 by 1 (original size 2)
DEBUG[tid:84589][src/rdma/verbs.c:766]: POST --> SEND_ENABLE(WR#5888) [master = 4] [worker = 4] [idx = 5894]
updating scur_post 5887 by 1 (original size 2)
DEBUG[tid:84589][src/rdma/verbs.c:1463]: Find ctrl seg for wr_id: 5888
found wr_id. [seg 5887] idx #5887 opcode 23 [UNDEFINED]
remote start: 139876018696192 end: 139876286961648
DEBUG[tid:84589][src/rdma/verbs.c:128]: POST --> RDMA_READ (opcode 4) (SEND WR 5889) [local addr 7f376c683000 remote addr 7f376c683000]
updating scur_post 5888 by 1 (original size 4)
DEBUG[tid:84589][src/rdma/verbs.c:228]: POST --> CAS (SEND WR 5890) [local addr 7f375c6ab000 remote addr 7f375c6ab000 swap 1]
updating scur_post 5889 by 1 (original size 4)
DEBUG[tid:84589][src/rdma/verbs.c:583]: POST --> WAIT (SEND WR #5891) [send_fd:4 wait_fd:4 wait_idx:1]
updating scur_post 5890 by 1 (original size 2)
DEBUG[tid:84589][src/rdma/verbs.c:766]: POST --> SEND_ENABLE(WR#5892) [master = 4] [worker = 3] [idx = 982]
updating scur_post 5891 by 1 (original size 2)
DEBUG[tid:84589][src/rdma/verbs.c:1463]: Find ctrl seg for wr_id: 5892
found wr_id. [seg 5891] idx #5891 opcode 23 [UNDEFINED]
DEBUG[tid:84589][src/rdma/verbs.c:1006]: POST --> RDMA_WRITE_IMM (SEND WR 982) [send_fd: 3 batch_size: 1]
updating scur_post 981 by 1 (original size 3)
DEBUG[tid:84589][src/rdma/verbs.c:1463]: Find ctrl seg for wr_id: 5889
found wr_id. [seg 5888] idx #5888 opcode 16 [UNDEFINED]
DEBUG[tid:84589][src/rdma/verbs.c:1463]: Find ctrl seg for wr_id: 5890
found wr_id. [seg 5889] idx #5889 opcode 17 [UNDEFINED]
DEBUG[tid:84589][src/rdma/verbs.c:1463]: Find ctrl seg for wr_id: 982
found wr_id. [seg 981] idx #981 opcode 9 [UNDEFINED]
DEBUG[tid:84589][src/rdma/verbs.c:1112]: POST --> RECV (WR #99) [send_fd: 3, qp_num 5365]
DEBUG[tid:84589][src/rdma/verbs.c:1115]: ----------- sge0 [addr 7f3758cff069, length 3]
DEBUG[tid:84589][src/rdma/verbs.c:1115]: ----------- sge1 [addr 7f3758cff010, length 8]
iter lat: 109 usec
DEBUG[tid:84589][src/rdma/verbs.c:583]: POST --> WAIT (SEND WR #5893) [send_fd:4 wait_fd:3 wait_idx:1]
updating scur_post 5892 by 1 (original size 2)
DEBUG[tid:84589][src/rdma/verbs.c:766]: POST --> SEND_ENABLE(WR#5894) [master = 4] [worker = 4] [idx = 5900]
updating scur_post 5893 by 1 (original size 2)
DEBUG[tid:84589][src/rdma/verbs.c:1463]: Find ctrl seg for wr_id: 5894
found wr_id. [seg 5893] idx #5893 opcode 23 [UNDEFINED]
remote start: 139876018696192 end: 139876286961648
DEBUG[tid:84589][src/rdma/verbs.c:128]: POST --> RDMA_READ (opcode 4) (SEND WR 5895) [local addr 7f376c683000 remote addr 7f376c683000]
updating scur_post 5894 by 1 (original size 4)
DEBUG[tid:84589][src/rdma/verbs.c:228]: POST --> CAS (SEND WR 5896) [local addr 7f375c6ab000 remote addr 7f375c6ab000 swap 1]
updating scur_post 5895 by 1 (original size 4)
DEBUG[tid:84589][src/rdma/verbs.c:583]: POST --> WAIT (SEND WR #5897) [send_fd:4 wait_fd:4 wait_idx:1]
updating scur_post 5896 by 1 (original size 2)
DEBUG[tid:84589][src/rdma/verbs.c:766]: POST --> SEND_ENABLE(WR#5898) [master = 4] [worker = 3] [idx = 983]
updating scur_post 5897 by 1 (original size 2)
DEBUG[tid:84589][src/rdma/verbs.c:1463]: Find ctrl seg for wr_id: 5898
found wr_id. [seg 5897] idx #5897 opcode 23 [UNDEFINED]
DEBUG[tid:84589][src/rdma/verbs.c:1006]: POST --> RDMA_WRITE_IMM (SEND WR 983) [send_fd: 3 batch_size: 1]
updating scur_post 982 by 1 (original size 3)
DEBUG[tid:84589][src/rdma/verbs.c:1463]: Find ctrl seg for wr_id: 5895
found wr_id. [seg 5894] idx #5894 opcode 16 [UNDEFINED]
DEBUG[tid:84589][src/rdma/verbs.c:1463]: Find ctrl seg for wr_id: 5896
found wr_id. [seg 5895] idx #5895 opcode 17 [UNDEFINED]
DEBUG[tid:84589][src/rdma/verbs.c:1463]: Find ctrl seg for wr_id: 983
found wr_id. [seg 982] idx #982 opcode 9 [UNDEFINED]
DEBUG[tid:84589][src/rdma/verbs.c:1112]: POST --> RECV (WR #99) [send_fd: 3, qp_num 5365]
DEBUG[tid:84589][src/rdma/verbs.c:1115]: ----------- sge0 [addr 7f3758cff1e9, length 3]
DEBUG[tid:84589][src/rdma/verbs.c:1115]: ----------- sge1 [addr 7f3758cff190, length 8]
iter lat: 113 usec
DEBUG[tid:84589][src/rdma/verbs.c:583]: POST --> WAIT (SEND WR #5899) [send_fd:4 wait_fd:3 wait_idx:1]
updating scur_post 5898 by 1 (original size 2)
DEBUG[tid:84589][src/rdma/verbs.c:766]: POST --> SEND_ENABLE(WR#5900) [master = 4] [worker = 4] [idx = 5906]
updating scur_post 5899 by 1 (original size 2)
DEBUG[tid:84589][src/rdma/verbs.c:1463]: Find ctrl seg for wr_id: 5900
found wr_id. [seg 5899] idx #5899 opcode 23 [UNDEFINED]
remote start: 139876018696192 end: 139876286961648
DEBUG[tid:84589][src/rdma/verbs.c:128]: POST --> RDMA_READ (opcode 4) (SEND WR 5901) [local addr 7f376c683000 remote addr 7f376c683000]
updating scur_post 5900 by 1 (original size 4)
DEBUG[tid:84589][src/rdma/verbs.c:228]: POST --> CAS (SEND WR 5902) [local addr 7f375c6ab000 remote addr 7f375c6ab000 swap 1]
updating scur_post 5901 by 1 (original size 4)
DEBUG[tid:84589][src/rdma/verbs.c:583]: POST --> WAIT (SEND WR #5903) [send_fd:4 wait_fd:4 wait_idx:1]
updating scur_post 5902 by 1 (original size 2)
DEBUG[tid:84589][src/rdma/verbs.c:766]: POST --> SEND_ENABLE(WR#5904) [master = 4] [worker = 3] [idx = 984]
updating scur_post 5903 by 1 (original size 2)
DEBUG[tid:84589][src/rdma/verbs.c:1463]: Find ctrl seg for wr_id: 5904
found wr_id. [seg 5903] idx #5903 opcode 23 [UNDEFINED]
DEBUG[tid:84589][src/rdma/verbs.c:1006]: POST --> RDMA_WRITE_IMM (SEND WR 984) [send_fd: 3 batch_size: 1]
updating scur_post 983 by 1 (original size 3)
DEBUG[tid:84589][src/rdma/verbs.c:1463]: Find ctrl seg for wr_id: 5901
found wr_id. [seg 5900] idx #5900 opcode 16 [UNDEFINED]
DEBUG[tid:84589][src/rdma/verbs.c:1463]: Find ctrl seg for wr_id: 5902
found wr_id. [seg 5901] idx #5901 opcode 17 [UNDEFINED]
DEBUG[tid:84589][src/rdma/verbs.c:1463]: Find ctrl seg for wr_id: 984
found wr_id. [seg 983] idx #983 opcode 9 [UNDEFINED]
DEBUG[tid:84589][src/rdma/verbs.c:1112]: POST --> RECV (WR #99) [send_fd: 3, qp_num 5365]
DEBUG[tid:84589][src/rdma/verbs.c:1115]: ----------- sge0 [addr 7f3758cff369, length 3]
DEBUG[tid:84589][src/rdma/verbs.c:1115]: ----------- sge1 [addr 7f3758cff310, length 8]
iter lat: 120 usec
DEBUG[tid:84589][src/rdma/verbs.c:583]: POST --> WAIT (SEND WR #5905) [send_fd:4 wait_fd:3 wait_idx:1]
updating scur_post 5904 by 1 (original size 2)
DEBUG[tid:84589][src/rdma/verbs.c:766]: POST --> SEND_ENABLE(WR#5906) [master = 4] [worker = 4] [idx = 5912]
updating scur_post 5905 by 1 (original size 2)
DEBUG[tid:84589][src/rdma/verbs.c:1463]: Find ctrl seg for wr_id: 5906
found wr_id. [seg 5905] idx #5905 opcode 23 [UNDEFINED]
remote start: 139876018696192 end: 139876286961648
DEBUG[tid:84589][src/rdma/verbs.c:128]: POST --> RDMA_READ (opcode 4) (SEND WR 5907) [local addr 7f376c683000 remote addr 7f376c683000]
updating scur_post 5906 by 1 (original size 4)
DEBUG[tid:84589][src/rdma/verbs.c:228]: POST --> CAS (SEND WR 5908) [local addr 7f375c6ab000 remote addr 7f375c6ab000 swap 1]
updating scur_post 5907 by 1 (original size 4)
DEBUG[tid:84589][src/rdma/verbs.c:583]: POST --> WAIT (SEND WR #5909) [send_fd:4 wait_fd:4 wait_idx:1]
updating scur_post 5908 by 1 (original size 2)
DEBUG[tid:84589][src/rdma/verbs.c:766]: POST --> SEND_ENABLE(WR#5910) [master = 4] [worker = 3] [idx = 985]
updating scur_post 5909 by 1 (original size 2)
DEBUG[tid:84589][src/rdma/verbs.c:1463]: Find ctrl seg for wr_id: 5910
found wr_id. [seg 5909] idx #5909 opcode 23 [UNDEFINED]
DEBUG[tid:84589][src/rdma/verbs.c:1006]: POST --> RDMA_WRITE_IMM (SEND WR 985) [send_fd: 3 batch_size: 1]
updating scur_post 984 by 1 (original size 3)
DEBUG[tid:84589][src/rdma/verbs.c:1463]: Find ctrl seg for wr_id: 5907
found wr_id. [seg 5906] idx #5906 opcode 16 [UNDEFINED]
DEBUG[tid:84589][src/rdma/verbs.c:1463]: Find ctrl seg for wr_id: 5908
found wr_id. [seg 5907] idx #5907 opcode 17 [UNDEFINED]
DEBUG[tid:84589][src/rdma/verbs.c:1463]: Find ctrl seg for wr_id: 985
found wr_id. [seg 984] idx #984 opcode 9 [UNDEFINED]
DEBUG[tid:84589][src/rdma/verbs.c:1112]: POST --> RECV (WR #99) [send_fd: 3, qp_num 5365]
DEBUG[tid:84589][src/rdma/verbs.c:1115]: ----------- sge0 [addr 7f3758cff4e9, length 3]
DEBUG[tid:84589][src/rdma/verbs.c:1115]: ----------- sge1 [addr 7f3758cff490, length 8]
iter lat: 114 usec
DEBUG[tid:84589][src/rdma/verbs.c:583]: POST --> WAIT (SEND WR #5911) [send_fd:4 wait_fd:3 wait_idx:1]
updating scur_post 5910 by 1 (original size 2)
DEBUG[tid:84589][src/rdma/verbs.c:766]: POST --> SEND_ENABLE(WR#5912) [master = 4] [worker = 4] [idx = 5918]
updating scur_post 5911 by 1 (original size 2)
DEBUG[tid:84589][src/rdma/verbs.c:1463]: Find ctrl seg for wr_id: 5912
found wr_id. [seg 5911] idx #5911 opcode 23 [UNDEFINED]
remote start: 139876018696192 end: 139876286961648
DEBUG[tid:84589][src/rdma/verbs.c:128]: POST --> RDMA_READ (opcode 4) (SEND WR 5913) [local addr 7f376c683000 remote addr 7f376c683000]
updating scur_post 5912 by 1 (original size 4)
DEBUG[tid:84589][src/rdma/verbs.c:228]: POST --> CAS (SEND WR 5914) [local addr 7f375c6ab000 remote addr 7f375c6ab000 swap 1]
updating scur_post 5913 by 1 (original size 4)
DEBUG[tid:84589][src/rdma/verbs.c:583]: POST --> WAIT (SEND WR #5915) [send_fd:4 wait_fd:4 wait_idx:1]
updating scur_post 5914 by 1 (original size 2)
DEBUG[tid:84589][src/rdma/verbs.c:766]: POST --> SEND_ENABLE(WR#5916) [master = 4] [worker = 3] [idx = 986]
updating scur_post 5915 by 1 (original size 2)
DEBUG[tid:84589][src/rdma/verbs.c:1463]: Find ctrl seg for wr_id: 5916
found wr_id. [seg 5915] idx #5915 opcode 23 [UNDEFINED]
DEBUG[tid:84589][src/rdma/verbs.c:1006]: POST --> RDMA_WRITE_IMM (SEND WR 986) [send_fd: 3 batch_size: 1]
updating scur_post 985 by 1 (original size 3)
DEBUG[tid:84589][src/rdma/verbs.c:1463]: Find ctrl seg for wr_id: 5913
found wr_id. [seg 5912] idx #5912 opcode 16 [UNDEFINED]
DEBUG[tid:84589][src/rdma/verbs.c:1463]: Find ctrl seg for wr_id: 5914
found wr_id. [seg 5913] idx #5913 opcode 17 [UNDEFINED]
DEBUG[tid:84589][src/rdma/verbs.c:1463]: Find ctrl seg for wr_id: 986
found wr_id. [seg 985] idx #985 opcode 9 [UNDEFINED]
DEBUG[tid:84589][src/rdma/verbs.c:1112]: POST --> RECV (WR #99) [send_fd: 3, qp_num 5365]
DEBUG[tid:84589][src/rdma/verbs.c:1115]: ----------- sge0 [addr 7f3758cff669, length 3]
DEBUG[tid:84589][src/rdma/verbs.c:1115]: ----------- sge1 [addr 7f3758cff610, length 8]
iter lat: 114 usec
DEBUG[tid:84589][src/rdma/verbs.c:583]: POST --> WAIT (SEND WR #5917) [send_fd:4 wait_fd:3 wait_idx:1]
updating scur_post 5916 by 1 (original size 2)
DEBUG[tid:84589][src/rdma/verbs.c:766]: POST --> SEND_ENABLE(WR#5918) [master = 4] [worker = 4] [idx = 5924]
updating scur_post 5917 by 1 (original size 2)
DEBUG[tid:84589][src/rdma/verbs.c:1463]: Find ctrl seg for wr_id: 5918
found wr_id. [seg 5917] idx #5917 opcode 23 [UNDEFINED]
remote start: 139876018696192 end: 139876286961648
DEBUG[tid:84589][src/rdma/verbs.c:128]: POST --> RDMA_READ (opcode 4) (SEND WR 5919) [local addr 7f376c683000 remote addr 7f376c683000]
updating scur_post 5918 by 1 (original size 4)
DEBUG[tid:84589][src/rdma/verbs.c:228]: POST --> CAS (SEND WR 5920) [local addr 7f375c6ab000 remote addr 7f375c6ab000 swap 1]
updating scur_post 5919 by 1 (original size 4)
DEBUG[tid:84589][src/rdma/verbs.c:583]: POST --> WAIT (SEND WR #5921) [send_fd:4 wait_fd:4 wait_idx:1]
updating scur_post 5920 by 1 (original size 2)
DEBUG[tid:84589][src/rdma/verbs.c:766]: POST --> SEND_ENABLE(WR#5922) [master = 4] [worker = 3] [idx = 987]
updating scur_post 5921 by 1 (original size 2)
DEBUG[tid:84589][src/rdma/verbs.c:1463]: Find ctrl seg for wr_id: 5922
found wr_id. [seg 5921] idx #5921 opcode 23 [UNDEFINED]
DEBUG[tid:84589][src/rdma/verbs.c:1006]: POST --> RDMA_WRITE_IMM (SEND WR 987) [send_fd: 3 batch_size: 1]
updating scur_post 986 by 1 (original size 3)
DEBUG[tid:84589][src/rdma/verbs.c:1463]: Find ctrl seg for wr_id: 5919
found wr_id. [seg 5918] idx #5918 opcode 16 [UNDEFINED]
DEBUG[tid:84589][src/rdma/verbs.c:1463]: Find ctrl seg for wr_id: 5920
found wr_id. [seg 5919] idx #5919 opcode 17 [UNDEFINED]
DEBUG[tid:84589][src/rdma/verbs.c:1463]: Find ctrl seg for wr_id: 987
found wr_id. [seg 986] idx #986 opcode 9 [UNDEFINED]
DEBUG[tid:84589][src/rdma/verbs.c:1112]: POST --> RECV (WR #99) [send_fd: 3, qp_num 5365]
DEBUG[tid:84589][src/rdma/verbs.c:1115]: ----------- sge0 [addr 7f3758cff7e9, length 3]
DEBUG[tid:84589][src/rdma/verbs.c:1115]: ----------- sge1 [addr 7f3758cff790, length 8]
iter lat: 113 usec
DEBUG[tid:84589][src/rdma/verbs.c:583]: POST --> WAIT (SEND WR #5923) [send_fd:4 wait_fd:3 wait_idx:1]
updating scur_post 5922 by 1 (original size 2)
DEBUG[tid:84589][src/rdma/verbs.c:766]: POST --> SEND_ENABLE(WR#5924) [master = 4] [worker = 4] [idx = 5930]
updating scur_post 5923 by 1 (original size 2)
DEBUG[tid:84589][src/rdma/verbs.c:1463]: Find ctrl seg for wr_id: 5924
found wr_id. [seg 5923] idx #5923 opcode 23 [UNDEFINED]
remote start: 139876018696192 end: 139876286961648
DEBUG[tid:84589][src/rdma/verbs.c:128]: POST --> RDMA_READ (opcode 4) (SEND WR 5925) [local addr 7f376c683000 remote addr 7f376c683000]
updating scur_post 5924 by 1 (original size 4)
DEBUG[tid:84589][src/rdma/verbs.c:228]: POST --> CAS (SEND WR 5926) [local addr 7f375c6ab000 remote addr 7f375c6ab000 swap 1]
updating scur_post 5925 by 1 (original size 4)
DEBUG[tid:84589][src/rdma/verbs.c:583]: POST --> WAIT (SEND WR #5927) [send_fd:4 wait_fd:4 wait_idx:1]
updating scur_post 5926 by 1 (original size 2)
DEBUG[tid:84589][src/rdma/verbs.c:766]: POST --> SEND_ENABLE(WR#5928) [master = 4] [worker = 3] [idx = 988]
updating scur_post 5927 by 1 (original size 2)
DEBUG[tid:84589][src/rdma/verbs.c:1463]: Find ctrl seg for wr_id: 5928
found wr_id. [seg 5927] idx #5927 opcode 23 [UNDEFINED]
DEBUG[tid:84589][src/rdma/verbs.c:1006]: POST --> RDMA_WRITE_IMM (SEND WR 988) [send_fd: 3 batch_size: 1]
updating scur_post 987 by 1 (original size 3)
DEBUG[tid:84589][src/rdma/verbs.c:1463]: Find ctrl seg for wr_id: 5925
found wr_id. [seg 5924] idx #5924 opcode 16 [UNDEFINED]
DEBUG[tid:84589][src/rdma/verbs.c:1463]: Find ctrl seg for wr_id: 5926
found wr_id. [seg 5925] idx #5925 opcode 17 [UNDEFINED]
DEBUG[tid:84589][src/rdma/verbs.c:1463]: Find ctrl seg for wr_id: 988
found wr_id. [seg 987] idx #987 opcode 9 [UNDEFINED]
DEBUG[tid:84589][src/rdma/verbs.c:1112]: POST --> RECV (WR #99) [send_fd: 3, qp_num 5365]
DEBUG[tid:84589][src/rdma/verbs.c:1115]: ----------- sge0 [addr 7f3758cff969, length 3]
DEBUG[tid:84589][src/rdma/verbs.c:1115]: ----------- sge1 [addr 7f3758cff910, length 8]
iter lat: 121 usec
DEBUG[tid:84589][src/rdma/verbs.c:583]: POST --> WAIT (SEND WR #5929) [send_fd:4 wait_fd:3 wait_idx:1]
updating scur_post 5928 by 1 (original size 2)
DEBUG[tid:84589][src/rdma/verbs.c:766]: POST --> SEND_ENABLE(WR#5930) [master = 4] [worker = 4] [idx = 5936]
updating scur_post 5929 by 1 (original size 2)
DEBUG[tid:84589][src/rdma/verbs.c:1463]: Find ctrl seg for wr_id: 5930
found wr_id. [seg 5929] idx #5929 opcode 23 [UNDEFINED]
remote start: 139876018696192 end: 139876286961648
DEBUG[tid:84589][src/rdma/verbs.c:128]: POST --> RDMA_READ (opcode 4) (SEND WR 5931) [local addr 7f376c683000 remote addr 7f376c683000]
updating scur_post 5930 by 1 (original size 4)
DEBUG[tid:84589][src/rdma/verbs.c:228]: POST --> CAS (SEND WR 5932) [local addr 7f375c6ab000 remote addr 7f375c6ab000 swap 1]
updating scur_post 5931 by 1 (original size 4)
DEBUG[tid:84589][src/rdma/verbs.c:583]: POST --> WAIT (SEND WR #5933) [send_fd:4 wait_fd:4 wait_idx:1]
updating scur_post 5932 by 1 (original size 2)
DEBUG[tid:84589][src/rdma/verbs.c:766]: POST --> SEND_ENABLE(WR#5934) [master = 4] [worker = 3] [idx = 989]
updating scur_post 5933 by 1 (original size 2)
DEBUG[tid:84589][src/rdma/verbs.c:1463]: Find ctrl seg for wr_id: 5934
found wr_id. [seg 5933] idx #5933 opcode 23 [UNDEFINED]
DEBUG[tid:84589][src/rdma/verbs.c:1006]: POST --> RDMA_WRITE_IMM (SEND WR 989) [send_fd: 3 batch_size: 1]
updating scur_post 988 by 1 (original size 3)
DEBUG[tid:84589][src/rdma/verbs.c:1463]: Find ctrl seg for wr_id: 5931
found wr_id. [seg 5930] idx #5930 opcode 16 [UNDEFINED]
DEBUG[tid:84589][src/rdma/verbs.c:1463]: Find ctrl seg for wr_id: 5932
found wr_id. [seg 5931] idx #5931 opcode 17 [UNDEFINED]
DEBUG[tid:84589][src/rdma/verbs.c:1463]: Find ctrl seg for wr_id: 989
found wr_id. [seg 988] idx #988 opcode 9 [UNDEFINED]
DEBUG[tid:84589][src/rdma/verbs.c:1112]: POST --> RECV (WR #99) [send_fd: 3, qp_num 5365]
DEBUG[tid:84589][src/rdma/verbs.c:1115]: ----------- sge0 [addr 7f3758cffae9, length 3]
DEBUG[tid:84589][src/rdma/verbs.c:1115]: ----------- sge1 [addr 7f3758cffa90, length 8]
iter lat: 117 usec
DEBUG[tid:84589][src/rdma/verbs.c:583]: POST --> WAIT (SEND WR #5935) [send_fd:4 wait_fd:3 wait_idx:1]
updating scur_post 5934 by 1 (original size 2)
DEBUG[tid:84589][src/rdma/verbs.c:766]: POST --> SEND_ENABLE(WR#5936) [master = 4] [worker = 4] [idx = 5942]
updating scur_post 5935 by 1 (original size 2)
DEBUG[tid:84589][src/rdma/verbs.c:1463]: Find ctrl seg for wr_id: 5936
found wr_id. [seg 5935] idx #5935 opcode 23 [UNDEFINED]
remote start: 139876018696192 end: 139876286961648
DEBUG[tid:84589][src/rdma/verbs.c:128]: POST --> RDMA_READ (opcode 4) (SEND WR 5937) [local addr 7f376c683000 remote addr 7f376c683000]
updating scur_post 5936 by 1 (original size 4)
DEBUG[tid:84589][src/rdma/verbs.c:228]: POST --> CAS (SEND WR 5938) [local addr 7f375c6ab000 remote addr 7f375c6ab000 swap 1]
updating scur_post 5937 by 1 (original size 4)
DEBUG[tid:84589][src/rdma/verbs.c:583]: POST --> WAIT (SEND WR #5939) [send_fd:4 wait_fd:4 wait_idx:1]
updating scur_post 5938 by 1 (original size 2)
DEBUG[tid:84589][src/rdma/verbs.c:766]: POST --> SEND_ENABLE(WR#5940) [master = 4] [worker = 3] [idx = 990]
updating scur_post 5939 by 1 (original size 2)
DEBUG[tid:84589][src/rdma/verbs.c:1463]: Find ctrl seg for wr_id: 5940
found wr_id. [seg 5939] idx #5939 opcode 23 [UNDEFINED]
DEBUG[tid:84589][src/rdma/verbs.c:1006]: POST --> RDMA_WRITE_IMM (SEND WR 990) [send_fd: 3 batch_size: 1]
updating scur_post 989 by 1 (original size 3)
DEBUG[tid:84589][src/rdma/verbs.c:1463]: Find ctrl seg for wr_id: 5937
found wr_id. [seg 5936] idx #5936 opcode 16 [UNDEFINED]
DEBUG[tid:84589][src/rdma/verbs.c:1463]: Find ctrl seg for wr_id: 5938
found wr_id. [seg 5937] idx #5937 opcode 17 [UNDEFINED]
DEBUG[tid:84589][src/rdma/verbs.c:1463]: Find ctrl seg for wr_id: 990
found wr_id. [seg 989] idx #989 opcode 9 [UNDEFINED]
DEBUG[tid:84589][src/rdma/verbs.c:1112]: POST --> RECV (WR #99) [send_fd: 3, qp_num 5365]
DEBUG[tid:84589][src/rdma/verbs.c:1115]: ----------- sge0 [addr 7f3758cffc69, length 3]
DEBUG[tid:84589][src/rdma/verbs.c:1115]: ----------- sge1 [addr 7f3758cffc10, length 8]
iter lat: 114 usec
DEBUG[tid:84589][src/rdma/verbs.c:583]: POST --> WAIT (SEND WR #5941) [send_fd:4 wait_fd:3 wait_idx:1]
updating scur_post 5940 by 1 (original size 2)
DEBUG[tid:84589][src/rdma/verbs.c:766]: POST --> SEND_ENABLE(WR#5942) [master = 4] [worker = 4] [idx = 5948]
updating scur_post 5941 by 1 (original size 2)
DEBUG[tid:84589][src/rdma/verbs.c:1463]: Find ctrl seg for wr_id: 5942
found wr_id. [seg 5941] idx #5941 opcode 23 [UNDEFINED]
remote start: 139876018696192 end: 139876286961648
DEBUG[tid:84589][src/rdma/verbs.c:128]: POST --> RDMA_READ (opcode 4) (SEND WR 5943) [local addr 7f376c683000 remote addr 7f376c683000]
updating scur_post 5942 by 1 (original size 4)
DEBUG[tid:84589][src/rdma/verbs.c:228]: POST --> CAS (SEND WR 5944) [local addr 7f375c6ab000 remote addr 7f375c6ab000 swap 1]
updating scur_post 5943 by 1 (original size 4)
DEBUG[tid:84589][src/rdma/verbs.c:583]: POST --> WAIT (SEND WR #5945) [send_fd:4 wait_fd:4 wait_idx:1]
updating scur_post 5944 by 1 (original size 2)
DEBUG[tid:84589][src/rdma/verbs.c:766]: POST --> SEND_ENABLE(WR#5946) [master = 4] [worker = 3] [idx = 991]
updating scur_post 5945 by 1 (original size 2)
DEBUG[tid:84589][src/rdma/verbs.c:1463]: Find ctrl seg for wr_id: 5946
found wr_id. [seg 5945] idx #5945 opcode 23 [UNDEFINED]
DEBUG[tid:84589][src/rdma/verbs.c:1006]: POST --> RDMA_WRITE_IMM (SEND WR 991) [send_fd: 3 batch_size: 1]
updating scur_post 990 by 1 (original size 3)
DEBUG[tid:84589][src/rdma/verbs.c:1463]: Find ctrl seg for wr_id: 5943
found wr_id. [seg 5942] idx #5942 opcode 16 [UNDEFINED]
DEBUG[tid:84589][src/rdma/verbs.c:1463]: Find ctrl seg for wr_id: 5944
found wr_id. [seg 5943] idx #5943 opcode 17 [UNDEFINED]
DEBUG[tid:84589][src/rdma/verbs.c:1463]: Find ctrl seg for wr_id: 991
found wr_id. [seg 990] idx #990 opcode 9 [UNDEFINED]
DEBUG[tid:84589][src/rdma/verbs.c:1112]: POST --> RECV (WR #99) [send_fd: 3, qp_num 5365]
DEBUG[tid:84589][src/rdma/verbs.c:1115]: ----------- sge0 [addr 7f3758cffde9, length 3]
DEBUG[tid:84589][src/rdma/verbs.c:1115]: ----------- sge1 [addr 7f3758cffd90, length 8]
iter lat: 116 usec
DEBUG[tid:84589][src/rdma/verbs.c:583]: POST --> WAIT (SEND WR #5947) [send_fd:4 wait_fd:3 wait_idx:1]
updating scur_post 5946 by 1 (original size 2)
DEBUG[tid:84589][src/rdma/verbs.c:766]: POST --> SEND_ENABLE(WR#5948) [master = 4] [worker = 4] [idx = 5954]
updating scur_post 5947 by 1 (original size 2)
DEBUG[tid:84589][src/rdma/verbs.c:1463]: Find ctrl seg for wr_id: 5948
found wr_id. [seg 5947] idx #5947 opcode 23 [UNDEFINED]
remote start: 139876018696192 end: 139876286961648
DEBUG[tid:84589][src/rdma/verbs.c:128]: POST --> RDMA_READ (opcode 4) (SEND WR 5949) [local addr 7f376c683000 remote addr 7f376c683000]
updating scur_post 5948 by 1 (original size 4)
DEBUG[tid:84589][src/rdma/verbs.c:228]: POST --> CAS (SEND WR 5950) [local addr 7f375c6ab000 remote addr 7f375c6ab000 swap 1]
updating scur_post 5949 by 1 (original size 4)
DEBUG[tid:84589][src/rdma/verbs.c:583]: POST --> WAIT (SEND WR #5951) [send_fd:4 wait_fd:4 wait_idx:1]
updating scur_post 5950 by 1 (original size 2)
DEBUG[tid:84589][src/rdma/verbs.c:766]: POST --> SEND_ENABLE(WR#5952) [master = 4] [worker = 3] [idx = 992]
updating scur_post 5951 by 1 (original size 2)
DEBUG[tid:84589][src/rdma/verbs.c:1463]: Find ctrl seg for wr_id: 5952
found wr_id. [seg 5951] idx #5951 opcode 23 [UNDEFINED]
DEBUG[tid:84589][src/rdma/verbs.c:1006]: POST --> RDMA_WRITE_IMM (SEND WR 992) [send_fd: 3 batch_size: 1]
updating scur_post 991 by 1 (original size 3)
DEBUG[tid:84589][src/rdma/verbs.c:1463]: Find ctrl seg for wr_id: 5949
found wr_id. [seg 5948] idx #5948 opcode 16 [UNDEFINED]
DEBUG[tid:84589][src/rdma/verbs.c:1463]: Find ctrl seg for wr_id: 5950
found wr_id. [seg 5949] idx #5949 opcode 17 [UNDEFINED]
DEBUG[tid:84589][src/rdma/verbs.c:1463]: Find ctrl seg for wr_id: 992
found wr_id. [seg 991] idx #991 opcode 9 [UNDEFINED]
DEBUG[tid:84589][src/rdma/verbs.c:1112]: POST --> RECV (WR #99) [send_fd: 3, qp_num 5365]
DEBUG[tid:84589][src/rdma/verbs.c:1115]: ----------- sge0 [addr 7f3758cfff69, length 3]
DEBUG[tid:84589][src/rdma/verbs.c:1115]: ----------- sge1 [addr 7f3758cfff10, length 8]
iter lat: 108 usec
DEBUG[tid:84589][src/rdma/verbs.c:583]: POST --> WAIT (SEND WR #5953) [send_fd:4 wait_fd:3 wait_idx:1]
updating scur_post 5952 by 1 (original size 2)
DEBUG[tid:84589][src/rdma/verbs.c:766]: POST --> SEND_ENABLE(WR#5954) [master = 4] [worker = 4] [idx = 5960]
updating scur_post 5953 by 1 (original size 2)
DEBUG[tid:84589][src/rdma/verbs.c:1463]: Find ctrl seg for wr_id: 5954
found wr_id. [seg 5953] idx #5953 opcode 23 [UNDEFINED]
remote start: 139876018696192 end: 139876286961648
DEBUG[tid:84589][src/rdma/verbs.c:128]: POST --> RDMA_READ (opcode 4) (SEND WR 5955) [local addr 7f376c683000 remote addr 7f376c683000]
updating scur_post 5954 by 1 (original size 4)
DEBUG[tid:84589][src/rdma/verbs.c:228]: POST --> CAS (SEND WR 5956) [local addr 7f375c6ab000 remote addr 7f375c6ab000 swap 1]
updating scur_post 5955 by 1 (original size 4)
DEBUG[tid:84589][src/rdma/verbs.c:583]: POST --> WAIT (SEND WR #5957) [send_fd:4 wait_fd:4 wait_idx:1]
updating scur_post 5956 by 1 (original size 2)
DEBUG[tid:84589][src/rdma/verbs.c:766]: POST --> SEND_ENABLE(WR#5958) [master = 4] [worker = 3] [idx = 993]
updating scur_post 5957 by 1 (original size 2)
DEBUG[tid:84589][src/rdma/verbs.c:1463]: Find ctrl seg for wr_id: 5958
found wr_id. [seg 5957] idx #5957 opcode 23 [UNDEFINED]
DEBUG[tid:84589][src/rdma/verbs.c:1006]: POST --> RDMA_WRITE_IMM (SEND WR 993) [send_fd: 3 batch_size: 1]
updating scur_post 992 by 1 (original size 3)
DEBUG[tid:84589][src/rdma/verbs.c:1463]: Find ctrl seg for wr_id: 5955
found wr_id. [seg 5954] idx #5954 opcode 16 [UNDEFINED]
DEBUG[tid:84589][src/rdma/verbs.c:1463]: Find ctrl seg for wr_id: 5956
found wr_id. [seg 5955] idx #5955 opcode 17 [UNDEFINED]
DEBUG[tid:84589][src/rdma/verbs.c:1463]: Find ctrl seg for wr_id: 993
found wr_id. [seg 992] idx #992 opcode 9 [UNDEFINED]
DEBUG[tid:84589][src/rdma/verbs.c:1112]: POST --> RECV (WR #99) [send_fd: 3, qp_num 5365]
DEBUG[tid:84589][src/rdma/verbs.c:1115]: ----------- sge0 [addr 7f3758d000e9, length 3]
DEBUG[tid:84589][src/rdma/verbs.c:1115]: ----------- sge1 [addr 7f3758d00090, length 8]
iter lat: 112 usec
DEBUG[tid:84589][src/rdma/verbs.c:583]: POST --> WAIT (SEND WR #5959) [send_fd:4 wait_fd:3 wait_idx:1]
updating scur_post 5958 by 1 (original size 2)
DEBUG[tid:84589][src/rdma/verbs.c:766]: POST --> SEND_ENABLE(WR#5960) [master = 4] [worker = 4] [idx = 5966]
updating scur_post 5959 by 1 (original size 2)
DEBUG[tid:84589][src/rdma/verbs.c:1463]: Find ctrl seg for wr_id: 5960
found wr_id. [seg 5959] idx #5959 opcode 23 [UNDEFINED]
remote start: 139876018696192 end: 139876286961648
DEBUG[tid:84589][src/rdma/verbs.c:128]: POST --> RDMA_READ (opcode 4) (SEND WR 5961) [local addr 7f376c683000 remote addr 7f376c683000]
updating scur_post 5960 by 1 (original size 4)
DEBUG[tid:84589][src/rdma/verbs.c:228]: POST --> CAS (SEND WR 5962) [local addr 7f375c6ab000 remote addr 7f375c6ab000 swap 1]
updating scur_post 5961 by 1 (original size 4)
DEBUG[tid:84589][src/rdma/verbs.c:583]: POST --> WAIT (SEND WR #5963) [send_fd:4 wait_fd:4 wait_idx:1]
updating scur_post 5962 by 1 (original size 2)
DEBUG[tid:84589][src/rdma/verbs.c:766]: POST --> SEND_ENABLE(WR#5964) [master = 4] [worker = 3] [idx = 994]
updating scur_post 5963 by 1 (original size 2)
DEBUG[tid:84589][src/rdma/verbs.c:1463]: Find ctrl seg for wr_id: 5964
found wr_id. [seg 5963] idx #5963 opcode 23 [UNDEFINED]
DEBUG[tid:84589][src/rdma/verbs.c:1006]: POST --> RDMA_WRITE_IMM (SEND WR 994) [send_fd: 3 batch_size: 1]
updating scur_post 993 by 1 (original size 3)
DEBUG[tid:84589][src/rdma/verbs.c:1463]: Find ctrl seg for wr_id: 5961
found wr_id. [seg 5960] idx #5960 opcode 16 [UNDEFINED]
DEBUG[tid:84589][src/rdma/verbs.c:1463]: Find ctrl seg for wr_id: 5962
found wr_id. [seg 5961] idx #5961 opcode 17 [UNDEFINED]
DEBUG[tid:84589][src/rdma/verbs.c:1463]: Find ctrl seg for wr_id: 994
found wr_id. [seg 993] idx #993 opcode 9 [UNDEFINED]
DEBUG[tid:84589][src/rdma/verbs.c:1112]: POST --> RECV (WR #99) [send_fd: 3, qp_num 5365]
DEBUG[tid:84589][src/rdma/verbs.c:1115]: ----------- sge0 [addr 7f3758d00269, length 3]
DEBUG[tid:84589][src/rdma/verbs.c:1115]: ----------- sge1 [addr 7f3758d00210, length 8]
iter lat: 115 usec
DEBUG[tid:84589][src/rdma/verbs.c:583]: POST --> WAIT (SEND WR #5965) [send_fd:4 wait_fd:3 wait_idx:1]
updating scur_post 5964 by 1 (original size 2)
DEBUG[tid:84589][src/rdma/verbs.c:766]: POST --> SEND_ENABLE(WR#5966) [master = 4] [worker = 4] [idx = 5972]
updating scur_post 5965 by 1 (original size 2)
DEBUG[tid:84589][src/rdma/verbs.c:1463]: Find ctrl seg for wr_id: 5966
found wr_id. [seg 5965] idx #5965 opcode 23 [UNDEFINED]
remote start: 139876018696192 end: 139876286961648
DEBUG[tid:84589][src/rdma/verbs.c:128]: POST --> RDMA_READ (opcode 4) (SEND WR 5967) [local addr 7f376c683000 remote addr 7f376c683000]
updating scur_post 5966 by 1 (original size 4)
DEBUG[tid:84589][src/rdma/verbs.c:228]: POST --> CAS (SEND WR 5968) [local addr 7f375c6ab000 remote addr 7f375c6ab000 swap 1]
updating scur_post 5967 by 1 (original size 4)
DEBUG[tid:84589][src/rdma/verbs.c:583]: POST --> WAIT (SEND WR #5969) [send_fd:4 wait_fd:4 wait_idx:1]
updating scur_post 5968 by 1 (original size 2)
DEBUG[tid:84589][src/rdma/verbs.c:766]: POST --> SEND_ENABLE(WR#5970) [master = 4] [worker = 3] [idx = 995]
updating scur_post 5969 by 1 (original size 2)
DEBUG[tid:84589][src/rdma/verbs.c:1463]: Find ctrl seg for wr_id: 5970
found wr_id. [seg 5969] idx #5969 opcode 23 [UNDEFINED]
DEBUG[tid:84589][src/rdma/verbs.c:1006]: POST --> RDMA_WRITE_IMM (SEND WR 995) [send_fd: 3 batch_size: 1]
updating scur_post 994 by 1 (original size 3)
DEBUG[tid:84589][src/rdma/verbs.c:1463]: Find ctrl seg for wr_id: 5967
found wr_id. [seg 5966] idx #5966 opcode 16 [UNDEFINED]
DEBUG[tid:84589][src/rdma/verbs.c:1463]: Find ctrl seg for wr_id: 5968
found wr_id. [seg 5967] idx #5967 opcode 17 [UNDEFINED]
DEBUG[tid:84589][src/rdma/verbs.c:1463]: Find ctrl seg for wr_id: 995
found wr_id. [seg 994] idx #994 opcode 9 [UNDEFINED]
DEBUG[tid:84589][src/rdma/verbs.c:1112]: POST --> RECV (WR #99) [send_fd: 3, qp_num 5365]
DEBUG[tid:84589][src/rdma/verbs.c:1115]: ----------- sge0 [addr 7f3758d003e9, length 3]
DEBUG[tid:84589][src/rdma/verbs.c:1115]: ----------- sge1 [addr 7f3758d00390, length 8]
iter lat: 116 usec
DEBUG[tid:84589][src/rdma/verbs.c:583]: POST --> WAIT (SEND WR #5971) [send_fd:4 wait_fd:3 wait_idx:1]
updating scur_post 5970 by 1 (original size 2)
DEBUG[tid:84589][src/rdma/verbs.c:766]: POST --> SEND_ENABLE(WR#5972) [master = 4] [worker = 4] [idx = 5978]
updating scur_post 5971 by 1 (original size 2)
DEBUG[tid:84589][src/rdma/verbs.c:1463]: Find ctrl seg for wr_id: 5972
found wr_id. [seg 5971] idx #5971 opcode 23 [UNDEFINED]
remote start: 139876018696192 end: 139876286961648
DEBUG[tid:84589][src/rdma/verbs.c:128]: POST --> RDMA_READ (opcode 4) (SEND WR 5973) [local addr 7f376c683000 remote addr 7f376c683000]
updating scur_post 5972 by 1 (original size 4)
DEBUG[tid:84589][src/rdma/verbs.c:228]: POST --> CAS (SEND WR 5974) [local addr 7f375c6ab000 remote addr 7f375c6ab000 swap 1]
updating scur_post 5973 by 1 (original size 4)
DEBUG[tid:84589][src/rdma/verbs.c:583]: POST --> WAIT (SEND WR #5975) [send_fd:4 wait_fd:4 wait_idx:1]
updating scur_post 5974 by 1 (original size 2)
DEBUG[tid:84589][src/rdma/verbs.c:766]: POST --> SEND_ENABLE(WR#5976) [master = 4] [worker = 3] [idx = 996]
updating scur_post 5975 by 1 (original size 2)
DEBUG[tid:84589][src/rdma/verbs.c:1463]: Find ctrl seg for wr_id: 5976
found wr_id. [seg 5975] idx #5975 opcode 23 [UNDEFINED]
DEBUG[tid:84589][src/rdma/verbs.c:1006]: POST --> RDMA_WRITE_IMM (SEND WR 996) [send_fd: 3 batch_size: 1]
updating scur_post 995 by 1 (original size 3)
DEBUG[tid:84589][src/rdma/verbs.c:1463]: Find ctrl seg for wr_id: 5973
found wr_id. [seg 5972] idx #5972 opcode 16 [UNDEFINED]
DEBUG[tid:84589][src/rdma/verbs.c:1463]: Find ctrl seg for wr_id: 5974
found wr_id. [seg 5973] idx #5973 opcode 17 [UNDEFINED]
DEBUG[tid:84589][src/rdma/verbs.c:1463]: Find ctrl seg for wr_id: 996
found wr_id. [seg 995] idx #995 opcode 9 [UNDEFINED]
DEBUG[tid:84589][src/rdma/verbs.c:1112]: POST --> RECV (WR #99) [send_fd: 3, qp_num 5365]
DEBUG[tid:84589][src/rdma/verbs.c:1115]: ----------- sge0 [addr 7f3758d00569, length 3]
DEBUG[tid:84589][src/rdma/verbs.c:1115]: ----------- sge1 [addr 7f3758d00510, length 8]
iter lat: 115 usec
DEBUG[tid:84589][src/rdma/verbs.c:583]: POST --> WAIT (SEND WR #5977) [send_fd:4 wait_fd:3 wait_idx:1]
updating scur_post 5976 by 1 (original size 2)
DEBUG[tid:84589][src/rdma/verbs.c:766]: POST --> SEND_ENABLE(WR#5978) [master = 4] [worker = 4] [idx = 5984]
updating scur_post 5977 by 1 (original size 2)
DEBUG[tid:84589][src/rdma/verbs.c:1463]: Find ctrl seg for wr_id: 5978
found wr_id. [seg 5977] idx #5977 opcode 23 [UNDEFINED]
remote start: 139876018696192 end: 139876286961648
DEBUG[tid:84589][src/rdma/verbs.c:128]: POST --> RDMA_READ (opcode 4) (SEND WR 5979) [local addr 7f376c683000 remote addr 7f376c683000]
updating scur_post 5978 by 1 (original size 4)
DEBUG[tid:84589][src/rdma/verbs.c:228]: POST --> CAS (SEND WR 5980) [local addr 7f375c6ab000 remote addr 7f375c6ab000 swap 1]
updating scur_post 5979 by 1 (original size 4)
DEBUG[tid:84589][src/rdma/verbs.c:583]: POST --> WAIT (SEND WR #5981) [send_fd:4 wait_fd:4 wait_idx:1]
updating scur_post 5980 by 1 (original size 2)
DEBUG[tid:84589][src/rdma/verbs.c:766]: POST --> SEND_ENABLE(WR#5982) [master = 4] [worker = 3] [idx = 997]
updating scur_post 5981 by 1 (original size 2)
DEBUG[tid:84589][src/rdma/verbs.c:1463]: Find ctrl seg for wr_id: 5982
found wr_id. [seg 5981] idx #5981 opcode 23 [UNDEFINED]
DEBUG[tid:84589][src/rdma/verbs.c:1006]: POST --> RDMA_WRITE_IMM (SEND WR 997) [send_fd: 3 batch_size: 1]
updating scur_post 996 by 1 (original size 3)
DEBUG[tid:84589][src/rdma/verbs.c:1463]: Find ctrl seg for wr_id: 5979
found wr_id. [seg 5978] idx #5978 opcode 16 [UNDEFINED]
DEBUG[tid:84589][src/rdma/verbs.c:1463]: Find ctrl seg for wr_id: 5980
found wr_id. [seg 5979] idx #5979 opcode 17 [UNDEFINED]
DEBUG[tid:84589][src/rdma/verbs.c:1463]: Find ctrl seg for wr_id: 997
found wr_id. [seg 996] idx #996 opcode 9 [UNDEFINED]
DEBUG[tid:84589][src/rdma/verbs.c:1112]: POST --> RECV (WR #99) [send_fd: 3, qp_num 5365]
DEBUG[tid:84589][src/rdma/verbs.c:1115]: ----------- sge0 [addr 7f3758d006e9, length 3]
DEBUG[tid:84589][src/rdma/verbs.c:1115]: ----------- sge1 [addr 7f3758d00690, length 8]
iter lat: 112 usec
DEBUG[tid:84589][src/rdma/verbs.c:583]: POST --> WAIT (SEND WR #5983) [send_fd:4 wait_fd:3 wait_idx:1]
updating scur_post 5982 by 1 (original size 2)
DEBUG[tid:84589][src/rdma/verbs.c:766]: POST --> SEND_ENABLE(WR#5984) [master = 4] [worker = 4] [idx = 5990]
updating scur_post 5983 by 1 (original size 2)
DEBUG[tid:84589][src/rdma/verbs.c:1463]: Find ctrl seg for wr_id: 5984
found wr_id. [seg 5983] idx #5983 opcode 23 [UNDEFINED]
remote start: 139876018696192 end: 139876286961648
DEBUG[tid:84589][src/rdma/verbs.c:128]: POST --> RDMA_READ (opcode 4) (SEND WR 5985) [local addr 7f376c683000 remote addr 7f376c683000]
updating scur_post 5984 by 1 (original size 4)
DEBUG[tid:84589][src/rdma/verbs.c:228]: POST --> CAS (SEND WR 5986) [local addr 7f375c6ab000 remote addr 7f375c6ab000 swap 1]
updating scur_post 5985 by 1 (original size 4)
DEBUG[tid:84589][src/rdma/verbs.c:583]: POST --> WAIT (SEND WR #5987) [send_fd:4 wait_fd:4 wait_idx:1]
updating scur_post 5986 by 1 (original size 2)
DEBUG[tid:84589][src/rdma/verbs.c:766]: POST --> SEND_ENABLE(WR#5988) [master = 4] [worker = 3] [idx = 998]
updating scur_post 5987 by 1 (original size 2)
DEBUG[tid:84589][src/rdma/verbs.c:1463]: Find ctrl seg for wr_id: 5988
found wr_id. [seg 5987] idx #5987 opcode 23 [UNDEFINED]
DEBUG[tid:84589][src/rdma/verbs.c:1006]: POST --> RDMA_WRITE_IMM (SEND WR 998) [send_fd: 3 batch_size: 1]
updating scur_post 997 by 1 (original size 3)
DEBUG[tid:84589][src/rdma/verbs.c:1463]: Find ctrl seg for wr_id: 5985
found wr_id. [seg 5984] idx #5984 opcode 16 [UNDEFINED]
DEBUG[tid:84589][src/rdma/verbs.c:1463]: Find ctrl seg for wr_id: 5986
found wr_id. [seg 5985] idx #5985 opcode 17 [UNDEFINED]
DEBUG[tid:84589][src/rdma/verbs.c:1463]: Find ctrl seg for wr_id: 998
found wr_id. [seg 997] idx #997 opcode 9 [UNDEFINED]
DEBUG[tid:84589][src/rdma/verbs.c:1112]: POST --> RECV (WR #99) [send_fd: 3, qp_num 5365]
DEBUG[tid:84589][src/rdma/verbs.c:1115]: ----------- sge0 [addr 7f3758d00869, length 3]
DEBUG[tid:84589][src/rdma/verbs.c:1115]: ----------- sge1 [addr 7f3758d00810, length 8]
iter lat: 114 usec
DEBUG[tid:84589][src/rdma/verbs.c:583]: POST --> WAIT (SEND WR #5989) [send_fd:4 wait_fd:3 wait_idx:1]
updating scur_post 5988 by 1 (original size 2)
DEBUG[tid:84589][src/rdma/verbs.c:766]: POST --> SEND_ENABLE(WR#5990) [master = 4] [worker = 4] [idx = 5996]
updating scur_post 5989 by 1 (original size 2)
DEBUG[tid:84589][src/rdma/verbs.c:1463]: Find ctrl seg for wr_id: 5990
found wr_id. [seg 5989] idx #5989 opcode 23 [UNDEFINED]
remote start: 139876018696192 end: 139876286961648
DEBUG[tid:84589][src/rdma/verbs.c:128]: POST --> RDMA_READ (opcode 4) (SEND WR 5991) [local addr 7f376c683000 remote addr 7f376c683000]
updating scur_post 5990 by 1 (original size 4)
DEBUG[tid:84589][src/rdma/verbs.c:228]: POST --> CAS (SEND WR 5992) [local addr 7f375c6ab000 remote addr 7f375c6ab000 swap 1]
updating scur_post 5991 by 1 (original size 4)
DEBUG[tid:84589][src/rdma/verbs.c:583]: POST --> WAIT (SEND WR #5993) [send_fd:4 wait_fd:4 wait_idx:1]
updating scur_post 5992 by 1 (original size 2)
DEBUG[tid:84589][src/rdma/verbs.c:766]: POST --> SEND_ENABLE(WR#5994) [master = 4] [worker = 3] [idx = 999]
updating scur_post 5993 by 1 (original size 2)
DEBUG[tid:84589][src/rdma/verbs.c:1463]: Find ctrl seg for wr_id: 5994
found wr_id. [seg 5993] idx #5993 opcode 23 [UNDEFINED]
DEBUG[tid:84589][src/rdma/verbs.c:1006]: POST --> RDMA_WRITE_IMM (SEND WR 999) [send_fd: 3 batch_size: 1]
updating scur_post 998 by 1 (original size 3)
DEBUG[tid:84589][src/rdma/verbs.c:1463]: Find ctrl seg for wr_id: 5991
found wr_id. [seg 5990] idx #5990 opcode 16 [UNDEFINED]
DEBUG[tid:84589][src/rdma/verbs.c:1463]: Find ctrl seg for wr_id: 5992
found wr_id. [seg 5991] idx #5991 opcode 17 [UNDEFINED]
DEBUG[tid:84589][src/rdma/verbs.c:1463]: Find ctrl seg for wr_id: 999
found wr_id. [seg 998] idx #998 opcode 9 [UNDEFINED]
DEBUG[tid:84589][src/rdma/verbs.c:1112]: POST --> RECV (WR #99) [send_fd: 3, qp_num 5365]
DEBUG[tid:84589][src/rdma/verbs.c:1115]: ----------- sge0 [addr 7f3758d009e9, length 3]
DEBUG[tid:84589][src/rdma/verbs.c:1115]: ----------- sge1 [addr 7f3758d00990, length 8]
iter lat: 111 usec
DEBUG[tid:84589][src/rdma/verbs.c:583]: POST --> WAIT (SEND WR #5995) [send_fd:4 wait_fd:3 wait_idx:1]
updating scur_post 5994 by 1 (original size 2)
DEBUG[tid:84589][src/rdma/verbs.c:766]: POST --> SEND_ENABLE(WR#5996) [master = 4] [worker = 4] [idx = 6002]
updating scur_post 5995 by 1 (original size 2)
DEBUG[tid:84589][src/rdma/verbs.c:1463]: Find ctrl seg for wr_id: 5996
found wr_id. [seg 5995] idx #5995 opcode 23 [UNDEFINED]
remote start: 139876018696192 end: 139876286961648
DEBUG[tid:84589][src/rdma/verbs.c:128]: POST --> RDMA_READ (opcode 4) (SEND WR 5997) [local addr 7f376c683000 remote addr 7f376c683000]
updating scur_post 5996 by 1 (original size 4)
DEBUG[tid:84589][src/rdma/verbs.c:228]: POST --> CAS (SEND WR 5998) [local addr 7f375c6ab000 remote addr 7f375c6ab000 swap 1]
updating scur_post 5997 by 1 (original size 4)
DEBUG[tid:84589][src/rdma/verbs.c:583]: POST --> WAIT (SEND WR #5999) [send_fd:4 wait_fd:4 wait_idx:1]
updating scur_post 5998 by 1 (original size 2)
DEBUG[tid:84589][src/rdma/verbs.c:766]: POST --> SEND_ENABLE(WR#6000) [master = 4] [worker = 3] [idx = 1000]
updating scur_post 5999 by 1 (original size 2)
DEBUG[tid:84589][src/rdma/verbs.c:1463]: Find ctrl seg for wr_id: 6000
found wr_id. [seg 5999] idx #5999 opcode 23 [UNDEFINED]
DEBUG[tid:84589][src/rdma/verbs.c:1006]: POST --> RDMA_WRITE_IMM (SEND WR 1000) [send_fd: 3 batch_size: 1]
updating scur_post 999 by 1 (original size 3)
DEBUG[tid:84589][src/rdma/verbs.c:1463]: Find ctrl seg for wr_id: 5997
found wr_id. [seg 5996] idx #5996 opcode 16 [UNDEFINED]
DEBUG[tid:84589][src/rdma/verbs.c:1463]: Find ctrl seg for wr_id: 5998
found wr_id. [seg 5997] idx #5997 opcode 17 [UNDEFINED]
DEBUG[tid:84589][src/rdma/verbs.c:1463]: Find ctrl seg for wr_id: 1000
found wr_id. [seg 999] idx #999 opcode 9 [UNDEFINED]
DEBUG[tid:84589][src/rdma/verbs.c:1112]: POST --> RECV (WR #99) [send_fd: 3, qp_num 5365]
DEBUG[tid:84589][src/rdma/verbs.c:1115]: ----------- sge0 [addr 7f3758d00b69, length 3]
DEBUG[tid:84589][src/rdma/verbs.c:1115]: ----------- sge1 [addr 7f3758d00b10, length 8]
iter lat: 115 usec
DEBUG[tid:84589][src/rdma/verbs.c:583]: POST --> WAIT (SEND WR #6001) [send_fd:4 wait_fd:3 wait_idx:1]
updating scur_post 6000 by 1 (original size 2)
DEBUG[tid:84589][src/rdma/verbs.c:766]: POST --> SEND_ENABLE(WR#6002) [master = 4] [worker = 4] [idx = 6008]
updating scur_post 6001 by 1 (original size 2)
DEBUG[tid:84589][src/rdma/verbs.c:1463]: Find ctrl seg for wr_id: 6002
found wr_id. [seg 6001] idx #6001 opcode 23 [UNDEFINED]
remote start: 139876018696192 end: 139876286961648
DEBUG[tid:84589][src/rdma/verbs.c:128]: POST --> RDMA_READ (opcode 4) (SEND WR 6003) [local addr 7f376c683000 remote addr 7f376c683000]
updating scur_post 6002 by 1 (original size 4)
DEBUG[tid:84589][src/rdma/verbs.c:228]: POST --> CAS (SEND WR 6004) [local addr 7f375c6ab000 remote addr 7f375c6ab000 swap 1]
updating scur_post 6003 by 1 (original size 4)
DEBUG[tid:84589][src/rdma/verbs.c:583]: POST --> WAIT (SEND WR #6005) [send_fd:4 wait_fd:4 wait_idx:1]
updating scur_post 6004 by 1 (original size 2)
DEBUG[tid:84589][src/rdma/verbs.c:766]: POST --> SEND_ENABLE(WR#6006) [master = 4] [worker = 3] [idx = 1001]
updating scur_post 6005 by 1 (original size 2)
DEBUG[tid:84589][src/rdma/verbs.c:1463]: Find ctrl seg for wr_id: 6006
found wr_id. [seg 6005] idx #6005 opcode 23 [UNDEFINED]
DEBUG[tid:84589][src/rdma/verbs.c:1006]: POST --> RDMA_WRITE_IMM (SEND WR 1001) [send_fd: 3 batch_size: 1]
updating scur_post 1000 by 1 (original size 3)
DEBUG[tid:84589][src/rdma/verbs.c:1463]: Find ctrl seg for wr_id: 6003
found wr_id. [seg 6002] idx #6002 opcode 16 [UNDEFINED]
DEBUG[tid:84589][src/rdma/verbs.c:1463]: Find ctrl seg for wr_id: 6004
found wr_id. [seg 6003] idx #6003 opcode 17 [UNDEFINED]
DEBUG[tid:84589][src/rdma/verbs.c:1463]: Find ctrl seg for wr_id: 1001
found wr_id. [seg 1000] idx #1000 opcode 9 [UNDEFINED]
DEBUG[tid:84589][src/rdma/verbs.c:1112]: POST --> RECV (WR #99) [send_fd: 3, qp_num 5365]
DEBUG[tid:84589][src/rdma/verbs.c:1115]: ----------- sge0 [addr 7f3758d00ce9, length 3]
DEBUG[tid:84589][src/rdma/verbs.c:1115]: ----------- sge1 [addr 7f3758d00c90, length 8]
iter lat: 113 usec
DEBUG[tid:84589][src/rdma/verbs.c:583]: POST --> WAIT (SEND WR #6007) [send_fd:4 wait_fd:3 wait_idx:1]
updating scur_post 6006 by 1 (original size 2)
DEBUG[tid:84589][src/rdma/verbs.c:766]: POST --> SEND_ENABLE(WR#6008) [master = 4] [worker = 4] [idx = 6014]
updating scur_post 6007 by 1 (original size 2)
DEBUG[tid:84589][src/rdma/verbs.c:1463]: Find ctrl seg for wr_id: 6008
found wr_id. [seg 6007] idx #6007 opcode 23 [UNDEFINED]
remote start: 139876018696192 end: 139876286961648
DEBUG[tid:84589][src/rdma/verbs.c:128]: POST --> RDMA_READ (opcode 4) (SEND WR 6009) [local addr 7f376c683000 remote addr 7f376c683000]
updating scur_post 6008 by 1 (original size 4)
DEBUG[tid:84589][src/rdma/verbs.c:228]: POST --> CAS (SEND WR 6010) [local addr 7f375c6ab000 remote addr 7f375c6ab000 swap 1]
updating scur_post 6009 by 1 (original size 4)
DEBUG[tid:84589][src/rdma/verbs.c:583]: POST --> WAIT (SEND WR #6011) [send_fd:4 wait_fd:4 wait_idx:1]
updating scur_post 6010 by 1 (original size 2)
DEBUG[tid:84589][src/rdma/verbs.c:766]: POST --> SEND_ENABLE(WR#6012) [master = 4] [worker = 3] [idx = 1002]
updating scur_post 6011 by 1 (original size 2)
DEBUG[tid:84589][src/rdma/verbs.c:1463]: Find ctrl seg for wr_id: 6012
found wr_id. [seg 6011] idx #6011 opcode 23 [UNDEFINED]
DEBUG[tid:84589][src/rdma/verbs.c:1006]: POST --> RDMA_WRITE_IMM (SEND WR 1002) [send_fd: 3 batch_size: 1]
updating scur_post 1001 by 1 (original size 3)
DEBUG[tid:84589][src/rdma/verbs.c:1463]: Find ctrl seg for wr_id: 6009
found wr_id. [seg 6008] idx #6008 opcode 16 [UNDEFINED]
DEBUG[tid:84589][src/rdma/verbs.c:1463]: Find ctrl seg for wr_id: 6010
found wr_id. [seg 6009] idx #6009 opcode 17 [UNDEFINED]
DEBUG[tid:84589][src/rdma/verbs.c:1463]: Find ctrl seg for wr_id: 1002
found wr_id. [seg 1001] idx #1001 opcode 9 [UNDEFINED]
DEBUG[tid:84589][src/rdma/verbs.c:1112]: POST --> RECV (WR #99) [send_fd: 3, qp_num 5365]
DEBUG[tid:84589][src/rdma/verbs.c:1115]: ----------- sge0 [addr 7f3758d00e69, length 3]
DEBUG[tid:84589][src/rdma/verbs.c:1115]: ----------- sge1 [addr 7f3758d00e10, length 8]
iter lat: 115 usec
DEBUG[tid:84587][src/rdma/connection.c:622]: COMPLETION --> (RECV WR #99) [qp_num 5365]
DEBUG[tid:84590][src/rdma/connection.c:626]: COMPLETION --> (SEND WR #4) [qp_num 5367]
DEBUG[tid:84590][src/rdma/agent.c:222]: skipping message with opcode:3, wr_id:4 
DEBUG[tid:84587][src/rdma/agent.c:207]: application callback: seqn = 1
DEBUG[tid:84587][src/rdma/verbs.c:1244]: Received response with seqn 1 [qp_num 5365]
------ AFTER ------
sr0_data[0]: addr 139875707210308 length 3
sr0_data[1]: addr 139875707210344 length 8
sr0_raddr: raddr 139876018696192
sr1_atomic: compare 300000000e90300 (original: 3e90000000003) swap_add 3f5140009e90300 (original: 3e9090014f503)
sr1_raddr: raddr 139875707210304
&sr2_ctrl->opmod_idx_opcode 139875707210304
sr2_ctrl: raw 300000000e90300 idx 1001 opmod 0 opcode 0 qpn_ds 3 fm_ce_se 0 (imm 1002)
sr2_data: addr 139876018696192 length 65536
DEBUG[tid:84589][src/rdma/verbs.c:583]: POST --> WAIT (SEND WR #6013) [send_fd:4 wait_fd:3 wait_idx:1]
*sr2_data->addr = 7797840917792030952
Received response with id 1 (n_req 1)
updating scur_post 6012 by 1 (original size 2)
DEBUG[tid:84589][src/rdma/verbs.c:766]: POST --> SEND_ENABLE(WR#6014) [master = 4] [worker = 4] [idx = 6020]
updating scur_post 6013 by 1 (original size 2)
DEBUG[tid:84589][src/rdma/verbs.c:1463]: Find ctrl seg for wr_id: 6014
found wr_id. [seg 6013] idx #6013 opcode 23 [UNDEFINED]
remote start: 139876018696192 end: 139876286961648
DEBUG[tid:84589][src/rdma/verbs.c:128]: POST --> RDMA_READ (opcode 4) (SEND WR 6015) [local addr 7f376c683000 remote addr 7f376c683000]
updating scur_post 6014 by 1 (original size 4)
DEBUG[tid:84589][src/rdma/verbs.c:228]: POST --> CAS (SEND WR 6016) [local addr 7f375c6ab000 remote addr 7f375c6ab000 swap 1]
updating scur_post 6015 by 1 (original size 4)
DEBUG[tid:84589][src/rdma/verbs.c:583]: POST --> WAIT (SEND WR #6017) [send_fd:4 wait_fd:4 wait_idx:1]
updating scur_post 6016 by 1 (original size 2)
DEBUG[tid:84589][src/rdma/verbs.c:766]: POST --> SEND_ENABLE(WR#6018) [master = 4] [worker = 3] [idx = 1003]
updating scur_post 6017 by 1 (original size 2)
DEBUG[tid:84589][src/rdma/verbs.c:1463]: Find ctrl seg for wr_id: 6018
found wr_id. [seg 6017] idx #6017 opcode 23 [UNDEFINED]
DEBUG[tid:84589][src/rdma/verbs.c:1006]: POST --> RDMA_WRITE_IMM (SEND WR 1003) [send_fd: 3 batch_size: 1]
updating scur_post 1002 by 1 (original size 3)
DEBUG[tid:84589][src/rdma/verbs.c:1463]: Find ctrl seg for wr_id: 6015
found wr_id. [seg 6014] idx #6014 opcode 16 [UNDEFINED]
DEBUG[tid:84589][src/rdma/verbs.c:1463]: Find ctrl seg for wr_id: 6016
found wr_id. [seg 6015] idx #6015 opcode 17 [UNDEFINED]
DEBUG[tid:84589][src/rdma/verbs.c:1463]: Find ctrl seg for wr_id: 1003
found wr_id. [seg 1002] idx #1002 opcode 9 [UNDEFINED]
DEBUG[tid:84589][src/rdma/verbs.c:1112]: POST --> RECV (WR #99) [send_fd: 3, qp_num 5365]
DEBUG[tid:84589][src/rdma/verbs.c:1115]: ----------- sge0 [addr 7f3758d00fe9, length 3]
DEBUG[tid:84589][src/rdma/verbs.c:1115]: ----------- sge1 [addr 7f3758d00f90, length 8]
iter lat: 161 usec
DEBUG[tid:84587][src/rdma/connection.c:622]: COMPLETION --> (RECV WR #99) [qp_num 5365]
DEBUG[tid:84587][src/rdma/agent.c:207]: application callback: seqn = 1
DEBUG[tid:84590][src/rdma/connection.c:626]: COMPLETION --> (SEND WR #10) [qp_num 5367]
DEBUG[tid:84590][src/rdma/agent.c:222]: skipping message with opcode:3, wr_id:10 
DEBUG[tid:84587][src/rdma/verbs.c:1244]: Received response with seqn 1 [qp_num 5365]
------ AFTER ------
sr0_data[0]: addr 139875707210372 length 3
DEBUG[tid:84589][src/rdma/verbs.c:583]: POST --> WAIT (SEND WR #6019) [send_fd:4 wait_fd:3 wait_idx:1]
sr0_data[1]: addr 139875707210408 length 8
sr0_raddr: raddr 139876018696192
sr1_atomic: compare 300000000ea0300 (original: 3ea0000000003) swap_add 3f5140009ea0300 (original: 3ea090014f503)
sr1_raddr: raddr 139875707210368
&sr2_ctrl->opmod_idx_opcode 139875707210368
sr2_ctrl: raw 300000000ea0300 idx 1002 opmod 0 opcode 0 qpn_ds 3 fm_ce_se 0 (imm 1003)
sr2_data: addr 139876018696192 length 65536
*sr2_data->addr = 7797840917792030952
Received response with id 1 (n_req 2)
updating scur_post 6018 by 1 (original size 2)
DEBUG[tid:84589][src/rdma/verbs.c:766]: POST --> SEND_ENABLE(WR#6020) [master = 4] [worker = 4] [idx = 6026]
updating scur_post 6019 by 1 (original size 2)
DEBUG[tid:84589][src/rdma/verbs.c:1463]: Find ctrl seg for wr_id: 6020
found wr_id. [seg 6019] idx #6019 opcode 23 [UNDEFINED]
remote start: 139876018696192 end: 139876286961648
DEBUG[tid:84589][src/rdma/verbs.c:128]: POST --> RDMA_READ (opcode 4) (SEND WR 6021) [local addr 7f376c683000 remote addr 7f376c683000]
updating scur_post 6020 by 1 (original size 4)
DEBUG[tid:84589][src/rdma/verbs.c:228]: POST --> CAS (SEND WR 6022) [local addr 7f375c6ab000 remote addr 7f375c6ab000 swap 1]
updating scur_post 6021 by 1 (original size 4)
DEBUG[tid:84589][src/rdma/verbs.c:583]: POST --> WAIT (SEND WR #6023) [send_fd:4 wait_fd:4 wait_idx:1]
updating scur_post 6022 by 1 (original size 2)
DEBUG[tid:84589][src/rdma/verbs.c:766]: POST --> SEND_ENABLE(WR#6024) [master = 4] [worker = 3] [idx = 1004]
updating scur_post 6023 by 1 (original size 2)
DEBUG[tid:84589][src/rdma/verbs.c:1463]: Find ctrl seg for wr_id: 6024
found wr_id. [seg 6023] idx #6023 opcode 23 [UNDEFINED]
DEBUG[tid:84589][src/rdma/verbs.c:1006]: POST --> RDMA_WRITE_IMM (SEND WR 1004) [send_fd: 3 batch_size: 1]
updating scur_post 1003 by 1 (original size 3)
DEBUG[tid:84589][src/rdma/verbs.c:1463]: Find ctrl seg for wr_id: 6021
found wr_id. [seg 6020] idx #6020 opcode 16 [UNDEFINED]
DEBUG[tid:84589][src/rdma/verbs.c:1463]: Find ctrl seg for wr_id: 6022
found wr_id. [seg 6021] idx #6021 opcode 17 [UNDEFINED]
DEBUG[tid:84589][src/rdma/verbs.c:1463]: Find ctrl seg for wr_id: 1004
found wr_id. [seg 1003] idx #1003 opcode 9 [UNDEFINED]
DEBUG[tid:84589][src/rdma/verbs.c:1112]: POST --> RECV (WR #99) [send_fd: 3, qp_num 5365]
DEBUG[tid:84589][src/rdma/verbs.c:1115]: ----------- sge0 [addr 7f3758d01169, length 3]
DEBUG[tid:84589][src/rdma/verbs.c:1115]: ----------- sge1 [addr 7f3758d01110, length 8]
iter lat: 148 usec
DEBUG[tid:84587][src/rdma/connection.c:622]: COMPLETION --> (RECV WR #99) [qp_num 5365]
DEBUG[tid:84587][src/rdma/agent.c:207]: application callback: seqn = 1
DEBUG[tid:84590][src/rdma/connection.c:626]: COMPLETION --> (SEND WR #16) [qp_num 5367]
DEBUG[tid:84590][src/rdma/agent.c:222]: skipping message with opcode:3, wr_id:16 
DEBUG[tid:84587][src/rdma/verbs.c:1244]: Received response with seqn 1 [qp_num 5365]
------ AFTER ------
DEBUG[tid:84589][src/rdma/verbs.c:583]: POST --> WAIT (SEND WR #6025) [send_fd:4 wait_fd:3 wait_idx:1]
sr0_data[0]: addr 139875707210436 length 3
sr0_data[1]: addr 139875707210472 length 8
updating scur_post 6024 by 1 (original size 2)
DEBUG[tid:84589][src/rdma/verbs.c:766]: POST --> SEND_ENABLE(WR#6026) [master = 4] [worker = 4] [idx = 6032]
updating scur_post 6025 by 1 (original size 2)
DEBUG[tid:84589][src/rdma/verbs.c:1463]: Find ctrl seg for wr_id: 6026
sr0_raddr: raddr 139876018696192
sr1_atomic: compare 300000000eb0300 (original: 3eb0000000003) swap_add 3f5140009eb0300 (original: 3eb090014f503)
sr1_raddr: raddr 139875707210432
&sr2_ctrl->opmod_idx_opcode 139875707210432
sr2_ctrl: raw 300000000eb0300 idx 1003 opmod 0 opcode 0 qpn_ds 3 fm_ce_se 0 (imm 1004)
sr2_data: addr 139876018696192 length 65536
*sr2_data->addr = 7797840917792030952
Received response with id 1 (n_req 3)
found wr_id. [seg 6025] idx #6025 opcode 23 [UNDEFINED]
remote start: 139876018696192 end: 139876286961648
DEBUG[tid:84589][src/rdma/verbs.c:128]: POST --> RDMA_READ (opcode 4) (SEND WR 6027) [local addr 7f376c683000 remote addr 7f376c683000]
updating scur_post 6026 by 1 (original size 4)
DEBUG[tid:84589][src/rdma/verbs.c:228]: POST --> CAS (SEND WR 6028) [local addr 7f375c6ab000 remote addr 7f375c6ab000 swap 1]
updating scur_post 6027 by 1 (original size 4)
DEBUG[tid:84589][src/rdma/verbs.c:583]: POST --> WAIT (SEND WR #6029) [send_fd:4 wait_fd:4 wait_idx:1]
updating scur_post 6028 by 1 (original size 2)
DEBUG[tid:84589][src/rdma/verbs.c:766]: POST --> SEND_ENABLE(WR#6030) [master = 4] [worker = 3] [idx = 1005]
updating scur_post 6029 by 1 (original size 2)
DEBUG[tid:84589][src/rdma/verbs.c:1463]: Find ctrl seg for wr_id: 6030
found wr_id. [seg 6029] idx #6029 opcode 23 [UNDEFINED]
DEBUG[tid:84589][src/rdma/verbs.c:1006]: POST --> RDMA_WRITE_IMM (SEND WR 1005) [send_fd: 3 batch_size: 1]
updating scur_post 1004 by 1 (original size 3)
DEBUG[tid:84589][src/rdma/verbs.c:1463]: Find ctrl seg for wr_id: 6027
found wr_id. [seg 6026] idx #6026 opcode 16 [UNDEFINED]
DEBUG[tid:84589][src/rdma/verbs.c:1463]: Find ctrl seg for wr_id: 6028
found wr_id. [seg 6027] idx #6027 opcode 17 [UNDEFINED]
DEBUG[tid:84589][src/rdma/verbs.c:1463]: Find ctrl seg for wr_id: 1005
found wr_id. [seg 1004] idx #1004 opcode 9 [UNDEFINED]
DEBUG[tid:84589][src/rdma/verbs.c:1112]: POST --> RECV (WR #99) [send_fd: 3, qp_num 5365]
DEBUG[tid:84589][src/rdma/verbs.c:1115]: ----------- sge0 [addr 7f3758d012e9, length 3]
DEBUG[tid:84589][src/rdma/verbs.c:1115]: ----------- sge1 [addr 7f3758d01290, length 8]
iter lat: 127 usec
DEBUG[tid:84579][src/rdma/connection.c:521]: received event[10]: RDMA_CM_EVENT_DISCONNECTED
DEBUG[tid:84579][src/rdma/connection.c:586]: trigger disconnection callback
Connection terminated [sockfd:2]
DEBUG[tid:84579][src/rdma/connection.c:1277]: terminating connection on socket #2
modify state for socket #2 from 2 to -1
DEBUG[tid:84579][src/rdma/connection.c:521]: received event[10]: RDMA_CM_EVENT_DISCONNECTED
DEBUG[tid:84579][src/rdma/connection.c:586]: trigger disconnection callback
Connection terminated [sockfd:3]
DEBUG[tid:84579][src/rdma/connection.c:1277]: terminating connection on socket #3
modify state for socket #3 from 2 to -1
DEBUG[tid:84579][src/rdma/connection.c:521]: received event[15]: RDMA_CM_EVENT_TIMEWAIT_EXIT
DEBUG[tid:84579][src/rdma/connection.c:1318]: clearing connection metadata for socket #3
DEBUG[tid:84579][src/rdma/connection.c:1343]: deregistering msg_send_mr[addr:7f37540dd000, len:304]
DEBUG[tid:84579][src/rdma/connection.c:1345]: deregistering msg_rcv_mr[addr:7f37540de000, len:304]
DEBUG[tid:84579][src/rdma/connection.c:521]: received event[15]: RDMA_CM_EVENT_TIMEWAIT_EXIT
DEBUG[tid:84579][src/rdma/connection.c:1318]: clearing connection metadata for socket #2
DEBUG[tid:84579][src/rdma/connection.c:1343]: deregistering msg_send_mr[addr:7f37540a9000, len:304]
DEBUG[tid:84579][src/rdma/connection.c:1345]: deregistering msg_rcv_mr[addr:7f37540aa000, len:304]